{"/home/travis/build/npmtest/node-npmtest-egg/test.js":{"path":"/home/travis/build/npmtest/node-npmtest-egg/test.js","s":{"1":2,"2":2,"3":2,"4":2,"5":2,"6":2,"7":2,"8":1,"9":2,"10":2,"11":1,"12":1,"13":1,"14":1,"15":2,"16":2,"17":2,"18":2,"19":1,"20":1,"21":2,"22":2,"23":2,"24":1,"25":1,"26":1,"27":1,"28":1,"29":1,"30":1,"31":1,"32":1,"33":1,"34":1,"35":1,"36":1,"37":1,"38":1,"39":2,"40":2,"41":1,"42":2,"43":2,"44":1,"45":2,"46":2,"47":1,"48":2,"49":2,"50":1,"51":1,"52":1,"53":1,"54":1},"b":{"1":[2,1,1,1],"2":[1,1,1,1],"3":[1,1],"4":[1,1],"5":[1,1],"6":[1,1],"7":[1,1],"8":[1,1],"9":[1,1],"10":[1,1,1],"11":[1,1],"12":[1,1],"13":[1,1],"14":[1,1],"15":[1,1],"16":[1,1],"17":[1,1]},"f":{"1":2,"2":2,"3":2,"4":2,"5":2,"6":1,"7":1,"8":1,"9":2,"10":2,"11":2,"12":2,"13":1},"fnMap":{"1":{"name":"(anonymous_1)","line":12,"loc":{"start":{"line":12,"column":1},"end":{"line":12,"column":13}}},"2":{"name":"(anonymous_2)","line":19,"loc":{"start":{"line":19,"column":5},"end":{"line":19,"column":17}}},"3":{"name":"(anonymous_3)","line":23,"loc":{"start":{"line":23,"column":24},"end":{"line":23,"column":36}}},"4":{"name":"(anonymous_4)","line":61,"loc":{"start":{"line":61,"column":5},"end":{"line":61,"column":17}}},"5":{"name":"(anonymous_5)","line":82,"loc":{"start":{"line":82,"column":5},"end":{"line":82,"column":17}}},"6":{"name":"(anonymous_6)","line":91,"loc":{"start":{"line":91,"column":77},"end":{"line":94,"column":10}}},"7":{"name":"(anonymous_7)","line":112,"loc":{"start":{"line":112,"column":83},"end":{"line":115,"column":10}},"skip":true},"8":{"name":"(anonymous_8)","line":123,"loc":{"start":{"line":123,"column":77},"end":{"line":126,"column":10}},"skip":true},"9":{"name":"(anonymous_9)","line":139,"loc":{"start":{"line":139,"column":12},"end":{"line":139,"column":40}},"skip":true},"10":{"name":"(anonymous_10)","line":147,"loc":{"start":{"line":147,"column":77},"end":{"line":150,"column":10}},"skip":true},"11":{"name":"(anonymous_11)","line":158,"loc":{"start":{"line":158,"column":83},"end":{"line":161,"column":10}},"skip":true},"12":{"name":"(anonymous_12)","line":169,"loc":{"start":{"line":169,"column":79},"end":{"line":172,"column":10}},"skip":true},"13":{"name":"(anonymous_13)","line":180,"loc":{"start":{"line":180,"column":75},"end":{"line":183,"column":10}},"skip":true}},"statementMap":{"1":{"start":{"line":12,"column":0},"end":{"line":195,"column":5}},"2":{"start":{"line":14,"column":4},"end":{"line":14,"column":14}},"3":{"start":{"line":19,"column":4},"end":{"line":56,"column":9}},"4":{"start":{"line":21,"column":8},"end":{"line":21,"column":19}},"5":{"start":{"line":23,"column":8},"end":{"line":35,"column":13}},"6":{"start":{"line":24,"column":12},"end":{"line":34,"column":13}},"7":{"start":{"line":25,"column":16},"end":{"line":28,"column":30}},"8":{"start":{"line":30,"column":16},"end":{"line":33,"column":27}},"9":{"start":{"line":37,"column":8},"end":{"line":39,"column":21}},"10":{"start":{"line":40,"column":8},"end":{"line":53,"column":9}},"11":{"start":{"line":43,"column":12},"end":{"line":46,"column":14}},"12":{"start":{"line":47,"column":12},"end":{"line":47,"column":18}},"13":{"start":{"line":50,"column":12},"end":{"line":51,"column":33}},"14":{"start":{"line":52,"column":12},"end":{"line":52,"column":18}},"15":{"start":{"line":55,"column":8},"end":{"line":55,"column":35}},"16":{"start":{"line":61,"column":4},"end":{"line":63,"column":9}},"17":{"start":{"line":62,"column":8},"end":{"line":62,"column":15}},"18":{"start":{"line":64,"column":4},"end":{"line":77,"column":5}},"19":{"start":{"line":70,"column":8},"end":{"line":70,"column":14}},"20":{"start":{"line":76,"column":8},"end":{"line":76,"column":14}},"21":{"start":{"line":82,"column":4},"end":{"line":84,"column":9}},"22":{"start":{"line":83,"column":8},"end":{"line":83,"column":15}},"23":{"start":{"line":85,"column":4},"end":{"line":194,"column":5}},"24":{"start":{"line":91,"column":8},"end":{"line":99,"column":10}},"25":{"start":{"line":98,"column":12},"end":{"line":98,"column":35}},"26":{"start":{"line":102,"column":8},"end":{"line":104,"column":63}},"27":{"start":{"line":105,"column":8},"end":{"line":105,"column":14}},"28":{"start":{"line":112,"column":8},"end":{"line":121,"column":10},"skip":true},"29":{"start":{"line":119,"column":12},"end":{"line":119,"column":55},"skip":true},"30":{"start":{"line":120,"column":12},"end":{"line":120,"column":48},"skip":true},"31":{"start":{"line":123,"column":8},"end":{"line":136,"column":10},"skip":true},"32":{"start":{"line":130,"column":12},"end":{"line":130,"column":76},"skip":true},"33":{"start":{"line":131,"column":12},"end":{"line":131,"column":73},"skip":true},"34":{"start":{"line":132,"column":12},"end":{"line":132,"column":74},"skip":true},"35":{"start":{"line":133,"column":12},"end":{"line":133,"column":79},"skip":true},"36":{"start":{"line":134,"column":12},"end":{"line":134,"column":25},"skip":true},"37":{"start":{"line":135,"column":12},"end":{"line":135,"column":45},"skip":true},"38":{"start":{"line":138,"column":8},"end":{"line":145,"column":14},"skip":true},"39":{"start":{"line":143,"column":16},"end":{"line":143,"column":29},"skip":true},"40":{"start":{"line":144,"column":16},"end":{"line":144,"column":55},"skip":true},"41":{"start":{"line":147,"column":8},"end":{"line":156,"column":10},"skip":true},"42":{"start":{"line":154,"column":12},"end":{"line":154,"column":25},"skip":true},"43":{"start":{"line":155,"column":12},"end":{"line":155,"column":45},"skip":true},"44":{"start":{"line":158,"column":8},"end":{"line":167,"column":10},"skip":true},"45":{"start":{"line":165,"column":12},"end":{"line":165,"column":25},"skip":true},"46":{"start":{"line":166,"column":12},"end":{"line":166,"column":48},"skip":true},"47":{"start":{"line":169,"column":8},"end":{"line":178,"column":10},"skip":true},"48":{"start":{"line":176,"column":12},"end":{"line":176,"column":25},"skip":true},"49":{"start":{"line":177,"column":12},"end":{"line":177,"column":46},"skip":true},"50":{"start":{"line":180,"column":8},"end":{"line":189,"column":10},"skip":true},"51":{"start":{"line":187,"column":12},"end":{"line":187,"column":94},"skip":true},"52":{"start":{"line":188,"column":12},"end":{"line":188,"column":48},"skip":true},"53":{"start":{"line":192,"column":8},"end":{"line":192,"column":35},"skip":true},"54":{"start":{"line":193,"column":8},"end":{"line":193,"column":14},"skip":true}},"branchMap":{"1":{"line":25,"type":"binary-expr","locations":[{"start":{"line":25,"column":23},"end":{"line":25,"column":62}},{"start":{"line":26,"column":20},"end":{"line":26,"column":70}},{"start":{"line":27,"column":20},"end":{"line":27,"column":71}},{"start":{"line":28,"column":20},"end":{"line":28,"column":29}}]},"2":{"line":30,"type":"binary-expr","locations":[{"start":{"line":30,"column":23},"end":{"line":30,"column":37}},{"start":{"line":31,"column":20},"end":{"line":31,"column":61}},{"start":{"line":32,"column":20},"end":{"line":32,"column":70}},{"start":{"line":33,"column":20},"end":{"line":33,"column":26}}]},"3":{"line":37,"type":"cond-expr","locations":[{"start":{"line":38,"column":14},"end":{"line":38,"column":20}},{"start":{"line":39,"column":14},"end":{"line":39,"column":20}}]},"4":{"line":40,"type":"switch","locations":[{"start":{"line":42,"column":8},"end":{"line":47,"column":18}},{"start":{"line":49,"column":8},"end":{"line":52,"column":18}}]},"5":{"line":44,"type":"binary-expr","locations":[{"start":{"line":44,"column":16},"end":{"line":44,"column":44}},{"start":{"line":44,"column":48},"end":{"line":44,"column":66}}]},"6":{"line":50,"type":"binary-expr","locations":[{"start":{"line":50,"column":21},"end":{"line":50,"column":49}},{"start":{"line":50,"column":53},"end":{"line":50,"column":72}}]},"7":{"line":64,"type":"switch","locations":[{"start":{"line":69,"column":4},"end":{"line":70,"column":14}},{"start":{"line":75,"column":4},"end":{"line":76,"column":14}}]},"8":{"line":85,"type":"switch","locations":[{"start":{"line":90,"column":4},"end":{"line":105,"column":14}},{"start":{"line":111,"column":4},"end":{"line":193,"column":14},"skip":true}]},"9":{"line":91,"type":"binary-expr","locations":[{"start":{"line":91,"column":42},"end":{"line":91,"column":73}},{"start":{"line":91,"column":77},"end":{"line":99,"column":9}}]},"10":{"line":102,"type":"binary-expr","locations":[{"start":{"line":102,"column":18},"end":{"line":102,"column":32}},{"start":{"line":103,"column":12},"end":{"line":103,"column":53}},{"start":{"line":104,"column":12},"end":{"line":104,"column":61}}]},"11":{"line":112,"type":"binary-expr","locations":[{"start":{"line":112,"column":45},"end":{"line":112,"column":79},"skip":true},{"start":{"line":112,"column":83},"end":{"line":121,"column":9},"skip":true}]},"12":{"line":123,"type":"binary-expr","locations":[{"start":{"line":123,"column":42},"end":{"line":123,"column":73},"skip":true},{"start":{"line":123,"column":77},"end":{"line":136,"column":9},"skip":true}]},"13":{"line":138,"type":"binary-expr","locations":[{"start":{"line":138,"column":48},"end":{"line":138,"column":85},"skip":true},{"start":{"line":139,"column":12},"end":{"line":145,"column":13},"skip":true}]},"14":{"line":147,"type":"binary-expr","locations":[{"start":{"line":147,"column":42},"end":{"line":147,"column":73},"skip":true},{"start":{"line":147,"column":77},"end":{"line":156,"column":9},"skip":true}]},"15":{"line":158,"type":"binary-expr","locations":[{"start":{"line":158,"column":45},"end":{"line":158,"column":79},"skip":true},{"start":{"line":158,"column":83},"end":{"line":167,"column":9},"skip":true}]},"16":{"line":169,"type":"binary-expr","locations":[{"start":{"line":169,"column":43},"end":{"line":169,"column":75},"skip":true},{"start":{"line":169,"column":79},"end":{"line":178,"column":9},"skip":true}]},"17":{"line":180,"type":"binary-expr","locations":[{"start":{"line":180,"column":41},"end":{"line":180,"column":71},"skip":true},{"start":{"line":180,"column":75},"end":{"line":189,"column":9},"skip":true}]}},"code":["/* istanbul instrument in package npmtest_egg */","/*jslint","    bitwise: true,","    browser: true,","    maxerr: 8,","    maxlen: 96,","    node: true,","    nomen: true,","    regexp: true,","    stupid: true","*/","(function () {","    'use strict';","    var local;","","","","    // run shared js-env code - init-before","    (function () {","        // init local","        local = {};","        // init modeJs","        local.modeJs = (function () {","            try {","                return typeof navigator.userAgent === 'string' &&","                    typeof document.querySelector('body') === 'object' &&","                    typeof XMLHttpRequest.prototype.open === 'function' &&","                    'browser';","            } catch (errorCaughtBrowser) {","                return module.exports &&","                    typeof process.versions.node === 'string' &&","                    typeof require('http').createServer === 'function' &&","                    'node';","            }","        }());","        // init global","        local.global = local.modeJs === 'browser'","            ? window","            : global;","        switch (local.modeJs) {","        // re-init local from window.local","        case 'browser':","            local = local.global.utility2.objectSetDefault(","                local.global.utility2_rollup || local.global.local,","                local.global.utility2","            );","            break;","        // re-init local from example.js","        case 'node':","            local = (local.global.utility2_rollup || require('utility2'))","                .requireReadme();","            break;","        }","        // export local","        local.global.local = local;","    }());","","","","    // run shared js-env code - function","    (function () {","        return;","    }());","    switch (local.modeJs) {","","","","    // run browser js-env code - function","    case 'browser':","        break;","","","","    // run node js-env code - function","    case 'node':","        break;","    }","","","","    // run shared js-env code - init-after","    (function () {","        return;","    }());","    switch (local.modeJs) {","","","","    // run browser js-env code - init-after","    case 'browser':","        local.testCase_browser_nullCase = local.testCase_browser_nullCase || function (","            options,","            onError","        ) {","        /*","         * this function will test browsers's null-case handling-behavior-behavior","         */","            onError(null, options);","        };","","        // run tests","        local.nop(local.modeTest &&","            document.querySelector('#testRunButton1') &&","            document.querySelector('#testRunButton1').click());","        break;","","","","    // run node js-env code - init-after","    /* istanbul ignore next */","    case 'node':","        local.testCase_buildApidoc_default = local.testCase_buildApidoc_default || function (","            options,","            onError","        ) {","        /*","         * this function will test buildApidoc's default handling-behavior-behavior","         */","            options = { modulePathList: module.paths };","            local.buildApidoc(options, onError);","        };","","        local.testCase_buildApp_default = local.testCase_buildApp_default || function (","            options,","            onError","        ) {","        /*","         * this function will test buildApp's default handling-behavior-behavior","         */","            local.testCase_buildReadme_default(options, local.onErrorThrow);","            local.testCase_buildLib_default(options, local.onErrorThrow);","            local.testCase_buildTest_default(options, local.onErrorThrow);","            local.testCase_buildCustomOrg_default(options, local.onErrorThrow);","            options = [];","            local.buildApp(options, onError);","        };","","        local.testCase_buildCustomOrg_default = local.testCase_buildCustomOrg_default ||","            function (options, onError) {","            /*","             * this function will test buildCustomOrg's default handling-behavior","             */","                options = {};","                local.buildCustomOrg(options, onError);","            };","","        local.testCase_buildLib_default = local.testCase_buildLib_default || function (","            options,","            onError","        ) {","        /*","         * this function will test buildLib's default handling-behavior","         */","            options = {};","            local.buildLib(options, onError);","        };","","        local.testCase_buildReadme_default = local.testCase_buildReadme_default || function (","            options,","            onError","        ) {","        /*","         * this function will test buildReadme's default handling-behavior-behavior","         */","            options = {};","            local.buildReadme(options, onError);","        };","","        local.testCase_buildTest_default = local.testCase_buildTest_default || function (","            options,","            onError","        ) {","        /*","         * this function will test buildTest's default handling-behavior","         */","            options = {};","            local.buildTest(options, onError);","        };","","        local.testCase_webpage_default = local.testCase_webpage_default || function (","            options,","            onError","        ) {","        /*","         * this function will test webpage's default handling-behavior","         */","            options = { modeCoverageMerge: true, url: local.serverLocalHost + '?modeTest=1' };","            local.browserTest(options, onError);","        };","","        // run test-server","        local.testRunServer(local);","        break;","    }","}());",""],"l":{"12":2,"14":2,"19":2,"21":2,"23":2,"24":2,"25":2,"30":1,"37":2,"40":2,"43":1,"47":1,"50":1,"52":1,"55":2,"61":2,"62":2,"64":2,"70":1,"76":1,"82":2,"83":2,"85":2,"91":1,"98":1,"102":1,"105":1,"112":1,"119":1,"120":1,"123":1,"130":1,"131":1,"132":1,"133":1,"134":1,"135":1,"138":1,"143":2,"144":2,"147":1,"154":2,"155":2,"158":1,"165":2,"166":2,"169":1,"176":2,"177":2,"180":1,"187":1,"188":1,"192":1,"193":1}},"/home/travis/build/npmtest/node-npmtest-egg/lib.npmtest_egg.js":{"path":"/home/travis/build/npmtest/node-npmtest-egg/lib.npmtest_egg.js","s":{"1":2,"2":2,"3":2,"4":2,"5":2,"6":2,"7":2,"8":1,"9":2,"10":2,"11":2,"12":2,"13":1,"14":1,"15":1,"16":1},"b":{"1":[2,1,1,1],"2":[1,1,1,1],"3":[1,1],"4":[2,2],"5":[1,1]},"f":{"1":2,"2":2,"3":2},"fnMap":{"1":{"name":"(anonymous_1)","line":12,"loc":{"start":{"line":12,"column":1},"end":{"line":12,"column":13}}},"2":{"name":"(anonymous_2)","line":19,"loc":{"start":{"line":19,"column":5},"end":{"line":19,"column":17}}},"3":{"name":"(anonymous_3)","line":23,"loc":{"start":{"line":23,"column":24},"end":{"line":23,"column":36}}}},"statementMap":{"1":{"start":{"line":12,"column":0},"end":{"line":53,"column":5}},"2":{"start":{"line":14,"column":4},"end":{"line":14,"column":14}},"3":{"start":{"line":19,"column":4},"end":{"line":52,"column":9}},"4":{"start":{"line":21,"column":8},"end":{"line":21,"column":19}},"5":{"start":{"line":23,"column":8},"end":{"line":35,"column":13}},"6":{"start":{"line":24,"column":12},"end":{"line":34,"column":13}},"7":{"start":{"line":25,"column":16},"end":{"line":28,"column":30}},"8":{"start":{"line":30,"column":16},"end":{"line":33,"column":27}},"9":{"start":{"line":37,"column":8},"end":{"line":39,"column":21}},"10":{"start":{"line":41,"column":8},"end":{"line":41,"column":54}},"11":{"start":{"line":43,"column":8},"end":{"line":43,"column":48}},"12":{"start":{"line":45,"column":8},"end":{"line":51,"column":9}},"13":{"start":{"line":46,"column":12},"end":{"line":46,"column":54}},"14":{"start":{"line":48,"column":12},"end":{"line":48,"column":35}},"15":{"start":{"line":49,"column":12},"end":{"line":49,"column":49}},"16":{"start":{"line":50,"column":12},"end":{"line":50,"column":43}}},"branchMap":{"1":{"line":25,"type":"binary-expr","locations":[{"start":{"line":25,"column":23},"end":{"line":25,"column":62}},{"start":{"line":26,"column":20},"end":{"line":26,"column":70}},{"start":{"line":27,"column":20},"end":{"line":27,"column":71}},{"start":{"line":28,"column":20},"end":{"line":28,"column":29}}]},"2":{"line":30,"type":"binary-expr","locations":[{"start":{"line":30,"column":23},"end":{"line":30,"column":37}},{"start":{"line":31,"column":20},"end":{"line":31,"column":61}},{"start":{"line":32,"column":20},"end":{"line":32,"column":70}},{"start":{"line":33,"column":20},"end":{"line":33,"column":26}}]},"3":{"line":37,"type":"cond-expr","locations":[{"start":{"line":38,"column":14},"end":{"line":38,"column":20}},{"start":{"line":39,"column":14},"end":{"line":39,"column":20}}]},"4":{"line":41,"type":"binary-expr","locations":[{"start":{"line":41,"column":16},"end":{"line":41,"column":44}},{"start":{"line":41,"column":48},"end":{"line":41,"column":53}}]},"5":{"line":45,"type":"if","locations":[{"start":{"line":45,"column":8},"end":{"line":45,"column":8}},{"start":{"line":45,"column":8},"end":{"line":45,"column":8}}]}},"code":["/* istanbul instrument in package npmtest_egg */","/*jslint","    bitwise: true,","    browser: true,","    maxerr: 8,","    maxlen: 96,","    node: true,","    nomen: true,","    regexp: true,","    stupid: true","*/","(function () {","    'use strict';","    var local;","","","","    // run shared js-env code - init-before","    (function () {","        // init local","        local = {};","        // init modeJs","        local.modeJs = (function () {","            try {","                return typeof navigator.userAgent === 'string' &&","                    typeof document.querySelector('body') === 'object' &&","                    typeof XMLHttpRequest.prototype.open === 'function' &&","                    'browser';","            } catch (errorCaughtBrowser) {","                return module.exports &&","                    typeof process.versions.node === 'string' &&","                    typeof require('http').createServer === 'function' &&","                    'node';","            }","        }());","        // init global","        local.global = local.modeJs === 'browser'","            ? window","            : global;","        // init utility2_rollup","        local = local.global.utility2_rollup || local;","        // init lib","        local.local = local.npmtest_egg = local;","        // init exports","        if (local.modeJs === 'browser') {","            local.global.utility2_npmtest_egg = local;","        } else {","            module.exports = local;","            module.exports.__dirname = __dirname;","            module.exports.module = module;","        }","    }());","}());",""],"l":{"12":2,"14":2,"19":2,"21":2,"23":2,"24":2,"25":2,"30":1,"37":2,"41":2,"43":2,"45":2,"46":1,"48":1,"49":1,"50":1}},"/home/travis/build/npmtest/node-npmtest-egg/example.js":{"path":"/home/travis/build/npmtest/node-npmtest-egg/example.js","s":{"1":2,"2":2,"3":2,"4":2,"5":2,"6":2,"7":2,"8":1,"9":2,"10":2,"11":2,"12":2,"13":1,"14":2,"15":2,"16":2,"17":2,"18":2,"19":0,"20":2,"21":1,"22":1,"23":1,"24":1,"25":1,"26":0,"27":0,"28":1,"29":1,"30":2,"31":0,"32":0,"33":0,"34":1,"35":2,"36":2,"37":3,"38":3,"39":3,"40":3,"41":0,"42":3,"43":3,"44":3,"45":1,"46":3,"47":1,"48":1,"49":1,"50":1,"51":1,"52":1,"53":1,"54":1,"55":1,"56":1,"57":0,"58":1,"59":6,"60":6,"61":1,"62":2,"63":0,"64":2,"65":1,"66":1,"67":0,"68":0,"69":0,"70":0,"71":0,"72":0,"73":0,"74":0,"75":0,"76":0,"77":0,"78":0,"79":0,"80":0,"81":0,"82":0,"83":0},"b":{"1":[2,1,1,1],"2":[1,1,1,1],"3":[1,1],"4":[2,2],"5":[1,1],"6":[1,1],"7":[2,0],"8":[2,1,1,1,1,1],"9":[0,2,0],"10":[1,1],"11":[2,1,1],"12":[1,0],"13":[0,2],"14":[2,0,0,0,0,0,0],"15":[0,3],"16":[3,0],"17":[1,1],"18":[0,1],"19":[1,2,0,2],"20":[1,0],"21":[1,1],"22":[0,0],"23":[0,0],"24":[0,0],"25":[0,0],"26":[0,0],"27":[0,0],"28":[0,0]},"f":{"1":2,"2":2,"3":2,"4":2,"5":2,"6":2,"7":3,"8":3,"9":3,"10":1,"11":6,"12":0},"fnMap":{"1":{"name":"(anonymous_1)","line":26,"loc":{"start":{"line":26,"column":1},"end":{"line":26,"column":13}}},"2":{"name":"(anonymous_2)","line":33,"loc":{"start":{"line":33,"column":5},"end":{"line":33,"column":17}}},"3":{"name":"(anonymous_3)","line":37,"loc":{"start":{"line":37,"column":24},"end":{"line":37,"column":36}}},"4":{"name":"(anonymous_4)","line":69,"loc":{"start":{"line":69,"column":31},"end":{"line":69,"column":48}},"skip":true},"5":{"name":"(anonymous_5)","line":78,"loc":{"start":{"line":78,"column":26},"end":{"line":78,"column":45}},"skip":true},"6":{"name":"(anonymous_6)","line":123,"loc":{"start":{"line":123,"column":33},"end":{"line":123,"column":48}},"skip":true},"7":{"name":"(anonymous_7)","line":125,"loc":{"start":{"line":125,"column":27},"end":{"line":125,"column":39}},"skip":true},"8":{"name":"(anonymous_8)","line":133,"loc":{"start":{"line":133,"column":59},"end":{"line":133,"column":74}},"skip":true},"9":{"name":"(anonymous_9)","line":143,"loc":{"start":{"line":143,"column":45},"end":{"line":143,"column":62}},"skip":true},"10":{"name":"(anonymous_10)","line":144,"loc":{"start":{"line":144,"column":73},"end":{"line":144,"column":92}},"skip":true},"11":{"name":"(anonymous_11)","line":272,"loc":{"start":{"line":272,"column":51},"end":{"line":272,"column":77}},"skip":true},"12":{"name":"(anonymous_12)","line":315,"loc":{"start":{"line":315,"column":32},"end":{"line":315,"column":61}},"skip":true}},"statementMap":{"1":{"start":{"line":26,"column":0},"end":{"line":326,"column":5}},"2":{"start":{"line":28,"column":4},"end":{"line":28,"column":14}},"3":{"start":{"line":33,"column":4},"end":{"line":60,"column":9}},"4":{"start":{"line":35,"column":8},"end":{"line":35,"column":19}},"5":{"start":{"line":37,"column":8},"end":{"line":49,"column":13}},"6":{"start":{"line":38,"column":12},"end":{"line":48,"column":13}},"7":{"start":{"line":39,"column":16},"end":{"line":42,"column":30}},"8":{"start":{"line":44,"column":16},"end":{"line":47,"column":27}},"9":{"start":{"line":51,"column":8},"end":{"line":53,"column":21}},"10":{"start":{"line":55,"column":8},"end":{"line":57,"column":45}},"11":{"start":{"line":59,"column":8},"end":{"line":59,"column":35}},"12":{"start":{"line":61,"column":4},"end":{"line":325,"column":5}},"13":{"start":{"line":69,"column":8},"end":{"line":121,"column":10},"skip":true},"14":{"start":{"line":70,"column":12},"end":{"line":88,"column":13},"skip":true},"15":{"start":{"line":76,"column":16},"end":{"line":87,"column":19},"skip":true},"16":{"start":{"line":79,"column":20},"end":{"line":86,"column":21},"skip":true},"17":{"start":{"line":82,"column":24},"end":{"line":82,"column":43},"skip":true},"18":{"start":{"line":83,"column":24},"end":{"line":83,"column":30},"skip":true},"19":{"start":{"line":85,"column":24},"end":{"line":85,"column":49},"skip":true},"20":{"start":{"line":89,"column":12},"end":{"line":107,"column":13},"skip":true},"21":{"start":{"line":92,"column":16},"end":{"line":102,"column":17},"skip":true},"22":{"start":{"line":93,"column":20},"end":{"line":93,"column":86},"skip":true},"23":{"start":{"line":94,"column":20},"end":{"line":95,"column":45},"skip":true},"24":{"start":{"line":96,"column":20},"end":{"line":96,"column":42},"skip":true},"25":{"start":{"line":97,"column":20},"end":{"line":97,"column":48},"skip":true},"26":{"start":{"line":100,"column":20},"end":{"line":100,"column":85},"skip":true},"27":{"start":{"line":101,"column":20},"end":{"line":101,"column":96},"skip":true},"28":{"start":{"line":103,"column":16},"end":{"line":103,"column":22},"skip":true},"29":{"start":{"line":106,"column":16},"end":{"line":106,"column":22},"skip":true},"30":{"start":{"line":108,"column":12},"end":{"line":120,"column":13},"skip":true},"31":{"start":{"line":114,"column":16},"end":{"line":119,"column":17},"skip":true},"32":{"start":{"line":116,"column":20},"end":{"line":116,"column":78},"skip":true},"33":{"start":{"line":118,"column":20},"end":{"line":118,"column":47},"skip":true},"34":{"start":{"line":123,"column":8},"end":{"line":141,"column":11},"skip":true},"35":{"start":{"line":124,"column":12},"end":{"line":124,"column":54},"skip":true},"36":{"start":{"line":125,"column":12},"end":{"line":140,"column":14},"skip":true},"37":{"start":{"line":126,"column":16},"end":{"line":126,"column":28},"skip":true},"38":{"start":{"line":127,"column":16},"end":{"line":127,"column":69},"skip":true},"39":{"start":{"line":128,"column":16},"end":{"line":128,"column":75},"skip":true},"40":{"start":{"line":129,"column":16},"end":{"line":131,"column":17},"skip":true},"41":{"start":{"line":130,"column":20},"end":{"line":130,"column":27},"skip":true},"42":{"start":{"line":133,"column":16},"end":{"line":137,"column":36},"skip":true},"43":{"start":{"line":134,"column":20},"end":{"line":136,"column":55},"skip":true},"44":{"start":{"line":139,"column":16},"end":{"line":139,"column":57},"skip":true},"45":{"start":{"line":143,"column":8},"end":{"line":147,"column":11},"skip":true},"46":{"start":{"line":144,"column":12},"end":{"line":146,"column":15},"skip":true},"47":{"start":{"line":145,"column":16},"end":{"line":145,"column":70},"skip":true},"48":{"start":{"line":149,"column":8},"end":{"line":149,"column":31},"skip":true},"49":{"start":{"line":150,"column":8},"end":{"line":150,"column":14},"skip":true},"50":{"start":{"line":158,"column":8},"end":{"line":158,"column":31},"skip":true},"51":{"start":{"line":160,"column":8},"end":{"line":160,"column":33},"skip":true},"52":{"start":{"line":161,"column":8},"end":{"line":161,"column":37},"skip":true},"53":{"start":{"line":162,"column":8},"end":{"line":162,"column":35},"skip":true},"54":{"start":{"line":164,"column":8},"end":{"line":164,"column":50},"skip":true},"55":{"start":{"line":166,"column":8},"end":{"line":256,"column":2},"skip":true},"56":{"start":{"line":258,"column":8},"end":{"line":286,"column":9},"skip":true},"57":{"start":{"line":259,"column":12},"end":{"line":269,"column":14},"skip":true},"58":{"start":{"line":271,"column":12},"end":{"line":285,"column":19},"skip":true},"59":{"start":{"line":274,"column":20},"end":{"line":274,"column":35},"skip":true},"60":{"start":{"line":275,"column":20},"end":{"line":284,"column":21},"skip":true},"61":{"start":{"line":277,"column":24},"end":{"line":277,"column":64},"skip":true},"62":{"start":{"line":279,"column":24},"end":{"line":279,"column":40},"skip":true},"63":{"start":{"line":281,"column":24},"end":{"line":281,"column":40},"skip":true},"64":{"start":{"line":283,"column":24},"end":{"line":283,"column":39},"skip":true},"65":{"start":{"line":288,"column":8},"end":{"line":290,"column":9},"skip":true},"66":{"start":{"line":289,"column":12},"end":{"line":289,"column":18},"skip":true},"67":{"start":{"line":291,"column":8},"end":{"line":293,"column":54},"skip":true},"68":{"start":{"line":296,"column":8},"end":{"line":301,"column":37},"skip":true},"69":{"start":{"line":303,"column":8},"end":{"line":303,"column":82},"skip":true},"70":{"start":{"line":306,"column":8},"end":{"line":308,"column":9},"skip":true},"71":{"start":{"line":307,"column":12},"end":{"line":307,"column":82},"skip":true},"72":{"start":{"line":310,"column":8},"end":{"line":312,"column":9},"skip":true},"73":{"start":{"line":311,"column":12},"end":{"line":311,"column":18},"skip":true},"74":{"start":{"line":313,"column":8},"end":{"line":313,"column":54},"skip":true},"75":{"start":{"line":314,"column":8},"end":{"line":314,"column":69},"skip":true},"76":{"start":{"line":315,"column":8},"end":{"line":323,"column":36},"skip":true},"77":{"start":{"line":316,"column":12},"end":{"line":316,"column":61},"skip":true},"78":{"start":{"line":317,"column":12},"end":{"line":320,"column":13},"skip":true},"79":{"start":{"line":318,"column":16},"end":{"line":318,"column":75},"skip":true},"80":{"start":{"line":319,"column":16},"end":{"line":319,"column":23},"skip":true},"81":{"start":{"line":321,"column":12},"end":{"line":321,"column":38},"skip":true},"82":{"start":{"line":322,"column":12},"end":{"line":322,"column":27},"skip":true},"83":{"start":{"line":324,"column":8},"end":{"line":324,"column":14},"skip":true}},"branchMap":{"1":{"line":39,"type":"binary-expr","locations":[{"start":{"line":39,"column":23},"end":{"line":39,"column":62}},{"start":{"line":40,"column":20},"end":{"line":40,"column":70}},{"start":{"line":41,"column":20},"end":{"line":41,"column":71}},{"start":{"line":42,"column":20},"end":{"line":42,"column":29}}]},"2":{"line":44,"type":"binary-expr","locations":[{"start":{"line":44,"column":23},"end":{"line":44,"column":37}},{"start":{"line":45,"column":20},"end":{"line":45,"column":61}},{"start":{"line":46,"column":20},"end":{"line":46,"column":70}},{"start":{"line":47,"column":20},"end":{"line":47,"column":26}}]},"3":{"line":51,"type":"cond-expr","locations":[{"start":{"line":52,"column":14},"end":{"line":52,"column":20}},{"start":{"line":53,"column":14},"end":{"line":53,"column":20}}]},"4":{"line":55,"type":"binary-expr","locations":[{"start":{"line":55,"column":16},"end":{"line":55,"column":44}},{"start":{"line":55,"column":49},"end":{"line":57,"column":43}}]},"5":{"line":55,"type":"cond-expr","locations":[{"start":{"line":56,"column":14},"end":{"line":56,"column":47}},{"start":{"line":57,"column":14},"end":{"line":57,"column":43}}]},"6":{"line":61,"type":"switch","locations":[{"start":{"line":68,"column":4},"end":{"line":150,"column":14},"skip":true},{"start":{"line":156,"column":4},"end":{"line":324,"column":14},"skip":true}]},"7":{"line":70,"type":"if","locations":[{"start":{"line":70,"column":12},"end":{"line":70,"column":12},"skip":true},{"start":{"line":70,"column":12},"end":{"line":70,"column":12},"skip":true}]},"8":{"line":70,"type":"binary-expr","locations":[{"start":{"line":70,"column":16},"end":{"line":70,"column":22},"skip":true},{"start":{"line":70,"column":27},"end":{"line":70,"column":32},"skip":true},{"start":{"line":71,"column":20},"end":{"line":71,"column":39},"skip":true},{"start":{"line":72,"column":20},"end":{"line":72,"column":49},"skip":true},{"start":{"line":73,"column":20},"end":{"line":73,"column":58},"skip":true},{"start":{"line":74,"column":20},"end":{"line":74,"column":69},"skip":true}]},"9":{"line":79,"type":"switch","locations":[{"start":{"line":80,"column":20},"end":{"line":80,"column":33},"skip":true},{"start":{"line":81,"column":20},"end":{"line":83,"column":30},"skip":true},{"start":{"line":84,"column":20},"end":{"line":85,"column":49},"skip":true}]},"10":{"line":89,"type":"switch","locations":[{"start":{"line":90,"column":12},"end":{"line":103,"column":22},"skip":true},{"start":{"line":105,"column":12},"end":{"line":106,"column":22},"skip":true}]},"11":{"line":89,"type":"binary-expr","locations":[{"start":{"line":89,"column":20},"end":{"line":89,"column":25},"skip":true},{"start":{"line":89,"column":29},"end":{"line":89,"column":48},"skip":true},{"start":{"line":89,"column":52},"end":{"line":89,"column":74},"skip":true}]},"12":{"line":92,"type":"if","locations":[{"start":{"line":92,"column":16},"end":{"line":92,"column":16},"skip":true},{"start":{"line":92,"column":16},"end":{"line":92,"column":16},"skip":true}]},"13":{"line":108,"type":"if","locations":[{"start":{"line":108,"column":12},"end":{"line":108,"column":12},"skip":true},{"start":{"line":108,"column":12},"end":{"line":108,"column":12},"skip":true}]},"14":{"line":108,"type":"binary-expr","locations":[{"start":{"line":108,"column":16},"end":{"line":108,"column":61},"skip":true},{"start":{"line":108,"column":66},"end":{"line":108,"column":72},"skip":true},{"start":{"line":108,"column":77},"end":{"line":108,"column":82},"skip":true},{"start":{"line":109,"column":20},"end":{"line":109,"column":39},"skip":true},{"start":{"line":110,"column":20},"end":{"line":110,"column":49},"skip":true},{"start":{"line":111,"column":20},"end":{"line":111,"column":58},"skip":true},{"start":{"line":112,"column":20},"end":{"line":112,"column":68},"skip":true}]},"15":{"line":129,"type":"if","locations":[{"start":{"line":129,"column":16},"end":{"line":129,"column":16},"skip":true},{"start":{"line":129,"column":16},"end":{"line":129,"column":16},"skip":true}]},"16":{"line":134,"type":"cond-expr","locations":[{"start":{"line":135,"column":26},"end":{"line":135,"column":29},"skip":true},{"start":{"line":136,"column":26},"end":{"line":136,"column":54},"skip":true}]},"17":{"line":164,"type":"binary-expr","locations":[{"start":{"line":164,"column":27},"end":{"line":164,"column":43},"skip":true},{"start":{"line":164,"column":47},"end":{"line":164,"column":49},"skip":true}]},"18":{"line":258,"type":"if","locations":[{"start":{"line":258,"column":8},"end":{"line":258,"column":8},"skip":true},{"start":{"line":258,"column":8},"end":{"line":258,"column":8},"skip":true}]},"19":{"line":275,"type":"switch","locations":[{"start":{"line":276,"column":20},"end":{"line":277,"column":64},"skip":true},{"start":{"line":278,"column":20},"end":{"line":279,"column":40},"skip":true},{"start":{"line":280,"column":20},"end":{"line":281,"column":40},"skip":true},{"start":{"line":282,"column":20},"end":{"line":283,"column":39},"skip":true}]},"20":{"line":288,"type":"if","locations":[{"start":{"line":288,"column":8},"end":{"line":288,"column":8},"skip":true},{"start":{"line":288,"column":8},"end":{"line":288,"column":8},"skip":true}]},"21":{"line":288,"type":"binary-expr","locations":[{"start":{"line":288,"column":12},"end":{"line":288,"column":40},"skip":true},{"start":{"line":288,"column":44},"end":{"line":288,"column":67},"skip":true}]},"22":{"line":292,"type":"binary-expr","locations":[{"start":{"line":292,"column":12},"end":{"line":292,"column":50},"skip":true},{"start":{"line":293,"column":12},"end":{"line":293,"column":53},"skip":true}]},"23":{"line":297,"type":"binary-expr","locations":[{"start":{"line":297,"column":12},"end":{"line":297,"column":61},"skip":true},{"start":{"line":298,"column":12},"end":{"line":301,"column":36},"skip":true}]},"24":{"line":303,"type":"binary-expr","locations":[{"start":{"line":303,"column":43},"end":{"line":303,"column":75},"skip":true},{"start":{"line":303,"column":79},"end":{"line":303,"column":81},"skip":true}]},"25":{"line":306,"type":"if","locations":[{"start":{"line":306,"column":8},"end":{"line":306,"column":8},"skip":true},{"start":{"line":306,"column":8},"end":{"line":306,"column":8},"skip":true}]},"26":{"line":310,"type":"if","locations":[{"start":{"line":310,"column":8},"end":{"line":310,"column":8},"skip":true},{"start":{"line":310,"column":8},"end":{"line":310,"column":8},"skip":true}]},"27":{"line":313,"type":"binary-expr","locations":[{"start":{"line":313,"column":27},"end":{"line":313,"column":43},"skip":true},{"start":{"line":313,"column":47},"end":{"line":313,"column":53},"skip":true}]},"28":{"line":317,"type":"if","locations":[{"start":{"line":317,"column":12},"end":{"line":317,"column":12},"skip":true},{"start":{"line":317,"column":12},"end":{"line":317,"column":12},"skip":true}]}},"code":["/*","example.js","","quickstart example","","instruction","    1. save this script as example.js","    2. run the shell command:","        $ npm install npmtest-egg && PORT=8081 node example.js","    3. play with the browser-demo on http://127.0.0.1:8081","*/","","","","/* istanbul instrument in package npmtest_egg */","/*jslint","    bitwise: true,","    browser: true,","    maxerr: 8,","    maxlen: 96,","    node: true,","    nomen: true,","    regexp: true,","    stupid: true","*/","(function () {","    'use strict';","    var local;","","","","    // run shared js-env code - init-before","    (function () {","        // init local","        local = {};","        // init modeJs","        local.modeJs = (function () {","            try {","                return typeof navigator.userAgent === 'string' &&","                    typeof document.querySelector('body') === 'object' &&","                    typeof XMLHttpRequest.prototype.open === 'function' &&","                    'browser';","            } catch (errorCaughtBrowser) {","                return module.exports &&","                    typeof process.versions.node === 'string' &&","                    typeof require('http').createServer === 'function' &&","                    'node';","            }","        }());","        // init global","        local.global = local.modeJs === 'browser'","            ? window","            : global;","        // init utility2_rollup","        local = local.global.utility2_rollup || (local.modeJs === 'browser'","            ? local.global.utility2_npmtest_egg","            : global.utility2_moduleExports);","        // export local","        local.global.local = local;","    }());","    switch (local.modeJs) {","","","","    // init-after","    // run browser js-env code - init-after","    /* istanbul ignore next */","    case 'browser':","        local.testRunBrowser = function (event) {","            if (!event || (event &&","                    event.currentTarget &&","                    event.currentTarget.className &&","                    event.currentTarget.className.includes &&","                    event.currentTarget.className.includes('onreset'))) {","                // reset output","                Array.from(","                    document.querySelectorAll('body > .resettable')","                ).forEach(function (element) {","                    switch (element.tagName) {","                    case 'INPUT':","                    case 'TEXTAREA':","                        element.value = '';","                        break;","                    default:","                        element.textContent = '';","                    }","                });","            }","            switch (event && event.currentTarget && event.currentTarget.id) {","            case 'testRunButton1':","                // show tests","                if (document.querySelector('#testReportDiv1').style.display === 'none') {","                    document.querySelector('#testReportDiv1').style.display = 'block';","                    document.querySelector('#testRunButton1').textContent =","                        'hide internal test';","                    local.modeTest = true;","                    local.testRunDefault(local);","                // hide tests","                } else {","                    document.querySelector('#testReportDiv1').style.display = 'none';","                    document.querySelector('#testRunButton1').textContent = 'run internal test';","                }","                break;","            // custom-case","            default:","                break;","            }","            if (document.querySelector('#inputTextareaEval1') && (!event || (event &&","                    event.currentTarget &&","                    event.currentTarget.className &&","                    event.currentTarget.className.includes &&","                    event.currentTarget.className.includes('oneval')))) {","                // try to eval input-code","                try {","                    /*jslint evil: true*/","                    eval(document.querySelector('#inputTextareaEval1').value);","                } catch (errorCaught) {","                    console.error(errorCaught);","                }","            }","        };","        // log stderr and stdout to #outputTextareaStdout1","        ['error', 'log'].forEach(function (key) {","            console[key + '_original'] = console[key];","            console[key] = function () {","                var element;","                console[key + '_original'].apply(console, arguments);","                element = document.querySelector('#outputTextareaStdout1');","                if (!element) {","                    return;","                }","                // append text to #outputTextareaStdout1","                element.value += Array.from(arguments).map(function (arg) {","                    return typeof arg === 'string'","                        ? arg","                        : JSON.stringify(arg, null, 4);","                }).join(' ') + '\\n';","                // scroll textarea to bottom","                element.scrollTop = element.scrollHeight;","            };","        });","        // init event-handling","        ['change', 'click', 'keyup'].forEach(function (event) {","            Array.from(document.querySelectorAll('.on' + event)).forEach(function (element) {","                element.addEventListener(event, local.testRunBrowser);","            });","        });","        // run tests","        local.testRunBrowser();","        break;","","","","    // run node js-env code - init-after","    /* istanbul ignore next */","    case 'node':","        // export local","        module.exports = local;","        // require modules","        local.fs = require('fs');","        local.http = require('http');","        local.url = require('url');","        // init assets","        local.assetsDict = local.assetsDict || {};","        /* jslint-ignore-begin */","        local.assetsDict['/assets.index.template.html'] = '\\","<!doctype html>\\n\\","<html lang=\"en\">\\n\\","<head>\\n\\","<meta charset=\"UTF-8\">\\n\\","<meta name=\"viewport\" content=\"width=device-width, initial-scale=1\">\\n\\","<title>{{env.npm_package_name}} (v{{env.npm_package_version}})</title>\\n\\","<style>\\n\\","/*csslint\\n\\","    box-sizing: false,\\n\\","    universal-selector: false\\n\\","*/\\n\\","* {\\n\\","    box-sizing: border-box;\\n\\","}\\n\\","body {\\n\\","    background: #dde;\\n\\","    font-family: Arial, Helvetica, sans-serif;\\n\\","    margin: 2rem;\\n\\","}\\n\\","body > * {\\n\\","    margin-bottom: 1rem;\\n\\","}\\n\\",".utility2FooterDiv {\\n\\","    margin-top: 20px;\\n\\","    text-align: center;\\n\\","}\\n\\","</style>\\n\\","<style>\\n\\","/*csslint\\n\\","*/\\n\\","textarea {\\n\\","    font-family: monospace;\\n\\","    height: 10rem;\\n\\","    width: 100%;\\n\\","}\\n\\","textarea[readonly] {\\n\\","    background: #ddd;\\n\\","}\\n\\","</style>\\n\\","</head>\\n\\","<body>\\n\\","<!-- utility2-comment\\n\\","<div id=\"ajaxProgressDiv1\" style=\"background: #d00; height: 2px; left: 0; margin: 0; padding: 0; position: fixed; top: 0; transition: background 0.5s, width 1.5s; width: 25%;\"></div>\\n\\","utility2-comment -->\\n\\","<h1>\\n\\","<!-- utility2-comment\\n\\","    <a\\n\\","        {{#if env.npm_package_homepage}}\\n\\","        href=\"{{env.npm_package_homepage}}\"\\n\\","        {{/if env.npm_package_homepage}}\\n\\","        target=\"_blank\"\\n\\","    >\\n\\","utility2-comment -->\\n\\","        {{env.npm_package_name}} (v{{env.npm_package_version}})\\n\\","<!-- utility2-comment\\n\\","    </a>\\n\\","utility2-comment -->\\n\\","</h1>\\n\\","<h3>{{env.npm_package_description}}</h3>\\n\\","<!-- utility2-comment\\n\\","<h4><a download href=\"assets.app.js\">download standalone app</a></h4>\\n\\","<button class=\"onclick onreset\" id=\"testRunButton1\">run internal test</button><br>\\n\\","<div id=\"testReportDiv1\" style=\"display: none;\"></div>\\n\\","utility2-comment -->\\n\\","\\n\\","\\n\\","\\n\\","<label>stderr and stdout</label>\\n\\","<textarea class=\"resettable\" id=\"outputTextareaStdout1\" readonly></textarea>\\n\\","<!-- utility2-comment\\n\\","{{#if isRollup}}\\n\\","<script src=\"assets.app.js\"></script>\\n\\","{{#unless isRollup}}\\n\\","utility2-comment -->\\n\\","<script src=\"assets.utility2.rollup.js\"></script>\\n\\","<script src=\"jsonp.utility2._stateInit?callback=window.utility2._stateInit\"></script>\\n\\","<script src=\"assets.npmtest_egg.rollup.js\"></script>\\n\\","<script src=\"assets.example.js\"></script>\\n\\","<script src=\"assets.test.js\"></script>\\n\\","<!-- utility2-comment\\n\\","{{/if isRollup}}\\n\\","utility2-comment -->\\n\\","<div class=\"utility2FooterDiv\">\\n\\","    [ this app was created with\\n\\","    <a href=\"https://github.com/kaizhu256/node-utility2\" target=\"_blank\">utility2</a>\\n\\","    ]\\n\\","</div>\\n\\","</body>\\n\\","</html>\\n\\","';","        /* jslint-ignore-end */","        if (local.templateRender) {","            local.assetsDict['/'] = local.templateRender(","                local.assetsDict['/assets.index.template.html'],","                {","                    env: local.objectSetDefault(local.env, {","                        npm_package_description: 'the greatest app in the world!',","                        npm_package_name: 'my-app',","                        npm_package_nameAlias: 'my_app',","                        npm_package_version: '0.0.1'","                    })","                }","            );","        } else {","            local.assetsDict['/'] = local.assetsDict['/assets.index.template.html']","                .replace((/\\{\\{env\\.(\\w+?)\\}\\}/g), function (match0, match1) {","                    // jslint-hack","                    String(match0);","                    switch (match1) {","                    case 'npm_package_description':","                        return 'the greatest app in the world!';","                    case 'npm_package_name':","                        return 'my-app';","                    case 'npm_package_nameAlias':","                        return 'my_app';","                    case 'npm_package_version':","                        return '0.0.1';","                    }","                });","        }","        // run the cli","        if (local.global.utility2_rollup || module !== require.main) {","            break;","        }","        local.assetsDict['/assets.example.js'] =","            local.assetsDict['/assets.example.js'] ||","            local.fs.readFileSync(__filename, 'utf8');","        // bug-workaround - long $npm_package_buildCustomOrg","        /* jslint-ignore-begin */","        local.assetsDict['/assets.npmtest_egg.rollup.js'] =","            local.assetsDict['/assets.npmtest_egg.rollup.js'] ||","            local.fs.readFileSync(","                local.npmtest_egg.__dirname + '/lib.npmtest_egg.js',","                'utf8'","            ).replace((/^#!/), '//');","        /* jslint-ignore-end */","        local.assetsDict['/favicon.ico'] = local.assetsDict['/favicon.ico'] || '';","        // if $npm_config_timeout_exit exists,","        // then exit this process after $npm_config_timeout_exit ms","        if (Number(process.env.npm_config_timeout_exit)) {","            setTimeout(process.exit, Number(process.env.npm_config_timeout_exit));","        }","        // start server","        if (local.global.utility2_serverHttp1) {","            break;","        }","        process.env.PORT = process.env.PORT || '8081';","        console.error('server starting on port ' + process.env.PORT);","        local.http.createServer(function (request, response) {","            request.urlParsed = local.url.parse(request.url);","            if (local.assetsDict[request.urlParsed.pathname] !== undefined) {","                response.end(local.assetsDict[request.urlParsed.pathname]);","                return;","            }","            response.statusCode = 404;","            response.end();","        }).listen(process.env.PORT);","        break;","    }","}());",""],"l":{"26":2,"28":2,"33":2,"35":2,"37":2,"38":2,"39":2,"44":1,"51":2,"55":2,"59":2,"61":2,"69":1,"70":2,"76":2,"79":2,"82":2,"83":2,"85":1,"89":2,"92":1,"93":1,"94":1,"96":1,"97":1,"100":1,"101":1,"103":1,"106":1,"108":2,"114":1,"116":1,"118":1,"123":1,"124":2,"125":2,"126":3,"127":3,"128":3,"129":3,"130":1,"133":3,"134":3,"139":3,"143":1,"144":3,"145":1,"149":1,"150":1,"158":1,"160":1,"161":1,"162":1,"164":1,"166":1,"258":1,"259":1,"271":1,"274":6,"275":6,"277":1,"279":2,"281":1,"283":2,"288":1,"289":1,"291":1,"296":1,"303":1,"306":1,"307":1,"310":1,"311":1,"313":1,"314":1,"315":1,"316":1,"317":1,"318":1,"319":1,"321":1,"322":1,"324":1}},"/home/travis/build/npmtest/node-npmtest-egg/node_modules/egg/index.js":{"path":"/home/travis/build/npmtest/node-npmtest-egg/node_modules/egg/index.js","s":{"1":1,"2":1,"3":1,"4":1,"5":1,"6":1,"7":1},"b":{},"f":{},"fnMap":{},"statementMap":{"1":{"start":{"line":11,"column":0},"end":{"line":11,"column":59}},"2":{"start":{"line":17,"column":0},"end":{"line":17,"column":51}},"3":{"start":{"line":23,"column":0},"end":{"line":23,"column":39}},"4":{"start":{"line":29,"column":0},"end":{"line":29,"column":66}},"5":{"start":{"line":35,"column":0},"end":{"line":35,"column":70}},"6":{"start":{"line":41,"column":0},"end":{"line":41,"column":58}},"7":{"start":{"line":47,"column":0},"end":{"line":47,"column":55}}},"branchMap":{},"code":["'use strict';","","/**"," * @namespace Egg"," */","","/**"," * Start egg application with cluster mode"," * @since 1.0.0"," */","exports.startCluster = require('egg-cluster').startCluster;","","/**"," * @member {Application} Egg#Application"," * @since 1.0.0"," */","exports.Application = require('./lib/application');","","/**"," * @member {Agent} Egg#Agent"," * @since 1.0.0"," */","exports.Agent = require('./lib/agent');","","/**"," * @member {AppWorkerLoader} Egg#AppWorkerLoader"," * @since 1.0.0"," */","exports.AppWorkerLoader = require('./lib/loader').AppWorkerLoader;","","/**"," * @member {AgentWorkerLoader} Egg#AgentWorkerLoader"," * @since 1.0.0"," */","exports.AgentWorkerLoader = require('./lib/loader').AgentWorkerLoader;","","/**"," * @member {Controller} Egg#Controller"," * @since 1.1.0"," */","exports.Controller = require('egg-core').BaseContextClass;","","/**"," * @member {Service} Egg#Service"," * @since 1.1.0"," */","exports.Service = require('egg-core').BaseContextClass;",""],"l":{"11":1,"17":1,"23":1,"29":1,"35":1,"41":1,"47":1}},"/home/travis/build/npmtest/node-npmtest-egg/node_modules/egg-cluster/index.js":{"path":"/home/travis/build/npmtest/node-npmtest-egg/node_modules/egg-cluster/index.js","s":{"1":1,"2":1,"3":0},"b":{},"f":{"1":0},"fnMap":{"1":{"name":"(anonymous_1)","line":19,"loc":{"start":{"line":19,"column":23},"end":{"line":19,"column":51}}}},"statementMap":{"1":{"start":{"line":3,"column":0},"end":{"line":3,"column":39}},"2":{"start":{"line":19,"column":0},"end":{"line":21,"column":2}},"3":{"start":{"line":20,"column":2},"end":{"line":20,"column":38}}},"branchMap":{},"code":["'use strict';","","const Master = require('./lib/master');","","/**"," * cluster start flow:"," *"," * [startCluster] -> master -> agent_worker -> new [Agent]       -> agentWorkerLoader"," *                         `-> app_worker   -> new [Application] -> appWorkerLoader"," *"," */","","/**"," * start egg app"," * @method Egg#startCluster"," * @param {Object} options {@link Master}"," * @param {Function} callback start success callback"," */","exports.startCluster = function(options, callback) {","  new Master(options).ready(callback);","};",""],"l":{"3":1,"19":1,"20":0}},"/home/travis/build/npmtest/node-npmtest-egg/node_modules/egg-cluster/lib/master.js":{"path":"/home/travis/build/npmtest/node-npmtest-egg/node_modules/egg-cluster/lib/master.js","s":{"1":1,"2":1,"3":1,"4":1,"5":1,"6":1,"7":1,"8":1,"9":1,"10":1,"11":1,"12":1,"13":1,"14":1,"15":0,"16":0,"17":0,"18":0,"19":0,"20":0,"21":0,"22":0,"23":0,"24":0,"25":0,"26":0,"27":0,"28":0,"29":0,"30":0,"31":0,"32":0,"33":0,"34":0,"35":0,"36":0,"37":0,"38":0,"39":0,"40":0,"41":0,"42":0,"43":0,"44":0,"45":0,"46":0,"47":0,"48":0,"49":0,"50":0,"51":0,"52":0,"53":0,"54":0,"55":0,"56":0,"57":0,"58":0,"59":0,"60":0,"61":0,"62":0,"63":0,"64":0,"65":0,"66":0,"67":0,"68":0,"69":0,"70":0,"71":0,"72":0,"73":0,"74":0,"75":0,"76":0,"77":0,"78":0,"79":0,"80":0,"81":0,"82":0,"83":0,"84":0,"85":0,"86":0,"87":0,"88":0,"89":0,"90":0,"91":0,"92":0,"93":0,"94":0,"95":0,"96":0,"97":0,"98":0,"99":0,"100":0,"101":0,"102":0,"103":0,"104":0,"105":0,"106":0,"107":0,"108":0,"109":0,"110":0,"111":0,"112":0,"113":0,"114":0,"115":0,"116":0,"117":0,"118":0,"119":0,"120":0,"121":0,"122":0,"123":0,"124":0,"125":0,"126":0,"127":0,"128":0,"129":0,"130":0,"131":0,"132":0,"133":0,"134":0,"135":0,"136":0,"137":0,"138":0,"139":0,"140":0,"141":0,"142":0,"143":0,"144":0,"145":0,"146":0,"147":0,"148":0,"149":0,"150":0,"151":0,"152":0,"153":0,"154":0,"155":0,"156":0,"157":0,"158":0,"159":0,"160":0,"161":1,"162":0,"163":0,"164":0,"165":0,"166":0,"167":0,"168":0,"169":1,"170":1,"171":0,"172":0,"173":0,"174":0,"175":0,"176":1,"177":0,"178":0,"179":0,"180":0,"181":1,"182":0},"b":{"1":[0,0],"2":[0,0],"3":[0,0],"4":[0,0],"5":[0,0],"6":[0,0],"7":[0,0],"8":[0,0],"9":[0,0],"10":[0,0],"11":[0,0],"12":[0,0],"13":[0,0],"14":[0,0],"15":[0,0],"16":[0,0],"17":[0,0],"18":[0,0],"19":[0,0],"20":[0,0],"21":[0,0],"22":[0,0],"23":[0,0]},"f":{"1":0,"2":0,"3":0,"4":0,"5":0,"6":0,"7":0,"8":0,"9":0,"10":0,"11":0,"12":0,"13":0,"14":0,"15":0,"16":0},"fnMap":{"1":{"name":"(anonymous_1)","line":34,"loc":{"start":{"line":34,"column":13},"end":{"line":34,"column":23}}},"2":{"name":"(anonymous_2)","line":95,"loc":{"start":{"line":95,"column":25},"end":{"line":95,"column":30}}},"3":{"name":"(anonymous_3)","line":106,"loc":{"start":{"line":106,"column":14},"end":{"line":106,"column":19}}},"4":{"name":"(anonymous_4)","line":121,"loc":{"start":{"line":121,"column":17},"end":{"line":121,"column":20}}},"5":{"name":"(anonymous_5)","line":157,"loc":{"start":{"line":157,"column":16},"end":{"line":157,"column":19}}},"6":{"name":"(anonymous_6)","line":213,"loc":{"start":{"line":213,"column":17},"end":{"line":213,"column":20}}},"7":{"name":"(anonymous_7)","line":228,"loc":{"start":{"line":228,"column":13},"end":{"line":228,"column":20}}},"8":{"name":"(anonymous_8)","line":255,"loc":{"start":{"line":255,"column":14},"end":{"line":255,"column":17}}},"9":{"name":"(anonymous_9)","line":269,"loc":{"start":{"line":269,"column":11},"end":{"line":269,"column":18}}},"10":{"name":"(anonymous_10)","line":316,"loc":{"start":{"line":316,"column":12},"end":{"line":316,"column":19}}},"11":{"name":"(anonymous_11)","line":353,"loc":{"start":{"line":353,"column":8},"end":{"line":353,"column":11}}},"12":{"name":"receiveSig","line":371,"loc":{"start":{"line":371,"column":4},"end":{"line":371,"column":29}}},"13":{"name":"(anonymous_13)","line":380,"loc":{"start":{"line":380,"column":10},"end":{"line":380,"column":13}}},"14":{"name":"getListeningWorker","line":392,"loc":{"start":{"line":392,"column":0},"end":{"line":392,"column":37}}},"15":{"name":"isProduction","line":402,"loc":{"start":{"line":402,"column":0},"end":{"line":402,"column":24}}},"16":{"name":"isDebug","line":410,"loc":{"start":{"line":410,"column":0},"end":{"line":410,"column":19}}}},"statementMap":{"1":{"start":{"line":3,"column":0},"end":{"line":3,"column":29}},"2":{"start":{"line":4,"column":0},"end":{"line":4,"column":29}},"3":{"start":{"line":5,"column":0},"end":{"line":5,"column":35}},"4":{"start":{"line":6,"column":0},"end":{"line":6,"column":39}},"5":{"start":{"line":7,"column":0},"end":{"line":7,"column":46}},"6":{"start":{"line":8,"column":0},"end":{"line":8,"column":31}},"7":{"start":{"line":9,"column":0},"end":{"line":9,"column":35}},"8":{"start":{"line":10,"column":0},"end":{"line":10,"column":46}},"9":{"start":{"line":11,"column":0},"end":{"line":11,"column":42}},"10":{"start":{"line":12,"column":0},"end":{"line":12,"column":61}},"11":{"start":{"line":14,"column":0},"end":{"line":14,"column":48}},"12":{"start":{"line":15,"column":0},"end":{"line":15,"column":47}},"13":{"start":{"line":17,"column":0},"end":{"line":17,"column":64}},"14":{"start":{"line":18,"column":0},"end":{"line":18,"column":60}},"15":{"start":{"line":35,"column":4},"end":{"line":35,"column":12}},"16":{"start":{"line":36,"column":4},"end":{"line":36,"column":41}},"17":{"start":{"line":37,"column":4},"end":{"line":37,"column":41}},"18":{"start":{"line":39,"column":4},"end":{"line":39,"column":22}},"19":{"start":{"line":41,"column":4},"end":{"line":41,"column":39}},"20":{"start":{"line":42,"column":4},"end":{"line":42,"column":29}},"21":{"start":{"line":45,"column":4},"end":{"line":45,"column":27}},"22":{"start":{"line":46,"column":4},"end":{"line":46,"column":55}},"23":{"start":{"line":49,"column":4},"end":{"line":49,"column":49}},"24":{"start":{"line":50,"column":4},"end":{"line":50,"column":75}},"25":{"start":{"line":52,"column":4},"end":{"line":52,"column":102}},"26":{"start":{"line":53,"column":4},"end":{"line":53,"column":86}},"27":{"start":{"line":54,"column":4},"end":{"line":54,"column":70}},"28":{"start":{"line":55,"column":4},"end":{"line":55,"column":192}},"29":{"start":{"line":57,"column":4},"end":{"line":57,"column":33}},"30":{"start":{"line":59,"column":4},"end":{"line":69,"column":7}},"31":{"start":{"line":60,"column":6},"end":{"line":60,"column":28}},"32":{"start":{"line":61,"column":6},"end":{"line":61,"column":72}},"33":{"start":{"line":62,"column":6},"end":{"line":63,"column":120}},"34":{"start":{"line":65,"column":6},"end":{"line":65,"column":33}},"35":{"start":{"line":66,"column":6},"end":{"line":66,"column":52}},"36":{"start":{"line":67,"column":6},"end":{"line":67,"column":69}},"37":{"start":{"line":68,"column":6},"end":{"line":68,"column":71}},"38":{"start":{"line":71,"column":4},"end":{"line":71,"column":55}},"39":{"start":{"line":72,"column":4},"end":{"line":72,"column":57}},"40":{"start":{"line":73,"column":4},"end":{"line":73,"column":51}},"41":{"start":{"line":74,"column":4},"end":{"line":74,"column":53}},"42":{"start":{"line":75,"column":4},"end":{"line":75,"column":55}},"43":{"start":{"line":78,"column":4},"end":{"line":78,"column":61}},"44":{"start":{"line":80,"column":4},"end":{"line":80,"column":18}},"45":{"start":{"line":82,"column":4},"end":{"line":92,"column":7}},"46":{"start":{"line":84,"column":6},"end":{"line":89,"column":7}},"47":{"start":{"line":85,"column":8},"end":{"line":85,"column":46},"skip":true},"48":{"start":{"line":86,"column":8},"end":{"line":86,"column":73},"skip":true},"49":{"start":{"line":87,"column":8},"end":{"line":87,"column":31},"skip":true},"50":{"start":{"line":88,"column":8},"end":{"line":88,"column":15},"skip":true},"51":{"start":{"line":90,"column":6},"end":{"line":90,"column":38}},"52":{"start":{"line":91,"column":6},"end":{"line":91,"column":29}},"53":{"start":{"line":97,"column":4},"end":{"line":103,"column":37}},"54":{"start":{"line":101,"column":6},"end":{"line":101,"column":65}},"55":{"start":{"line":102,"column":6},"end":{"line":102,"column":59}},"56":{"start":{"line":107,"column":4},"end":{"line":107,"column":47}},"57":{"start":{"line":108,"column":4},"end":{"line":108,"column":47}},"58":{"start":{"line":110,"column":4},"end":{"line":110,"column":15}},"59":{"start":{"line":111,"column":4},"end":{"line":115,"column":5}},"60":{"start":{"line":112,"column":6},"end":{"line":114,"column":7}},"61":{"start":{"line":113,"column":8},"end":{"line":113,"column":19}},"62":{"start":{"line":116,"column":4},"end":{"line":116,"column":18}},"63":{"start":{"line":117,"column":4},"end":{"line":117,"column":38}},"64":{"start":{"line":118,"column":4},"end":{"line":118,"column":33}},"65":{"start":{"line":122,"column":4},"end":{"line":122,"column":37}},"66":{"start":{"line":124,"column":4},"end":{"line":124,"column":50}},"67":{"start":{"line":131,"column":4},"end":{"line":131,"column":79}},"68":{"start":{"line":132,"column":4},"end":{"line":132,"column":89}},"69":{"start":{"line":133,"column":4},"end":{"line":133,"column":86}},"70":{"start":{"line":136,"column":4},"end":{"line":140,"column":7}},"71":{"start":{"line":137,"column":6},"end":{"line":137,"column":68}},"72":{"start":{"line":137,"column":35},"end":{"line":137,"column":68}},"73":{"start":{"line":138,"column":6},"end":{"line":138,"column":25}},"74":{"start":{"line":139,"column":6},"end":{"line":139,"column":31}},"75":{"start":{"line":141,"column":4},"end":{"line":144,"column":7}},"76":{"start":{"line":142,"column":6},"end":{"line":142,"column":36}},"77":{"start":{"line":143,"column":6},"end":{"line":143,"column":29}},"78":{"start":{"line":146,"column":4},"end":{"line":153,"column":7}},"79":{"start":{"line":147,"column":6},"end":{"line":152,"column":9}},"80":{"start":{"line":158,"column":4},"end":{"line":158,"column":35}},"81":{"start":{"line":159,"column":4},"end":{"line":159,"column":39}},"82":{"start":{"line":160,"column":4},"end":{"line":160,"column":31}},"83":{"start":{"line":162,"column":4},"end":{"line":162,"column":29}},"84":{"start":{"line":164,"column":4},"end":{"line":164,"column":50}},"85":{"start":{"line":165,"column":4},"end":{"line":165,"column":48}},"86":{"start":{"line":166,"column":4},"end":{"line":173,"column":7}},"87":{"start":{"line":175,"column":4},"end":{"line":184,"column":7}},"88":{"start":{"line":176,"column":6},"end":{"line":176,"column":51}},"89":{"start":{"line":177,"column":6},"end":{"line":181,"column":9}},"90":{"start":{"line":178,"column":8},"end":{"line":178,"column":70}},"91":{"start":{"line":178,"column":37},"end":{"line":178,"column":70}},"92":{"start":{"line":179,"column":8},"end":{"line":179,"column":25}},"93":{"start":{"line":180,"column":8},"end":{"line":180,"column":33}},"94":{"start":{"line":182,"column":6},"end":{"line":183,"column":83}},"95":{"start":{"line":185,"column":4},"end":{"line":188,"column":7}},"96":{"start":{"line":186,"column":6},"end":{"line":187,"column":99}},"97":{"start":{"line":189,"column":4},"end":{"line":196,"column":7}},"98":{"start":{"line":190,"column":6},"end":{"line":195,"column":9}},"99":{"start":{"line":197,"column":4},"end":{"line":204,"column":7}},"100":{"start":{"line":198,"column":6},"end":{"line":203,"column":9}},"101":{"start":{"line":214,"column":4},"end":{"line":218,"column":5}},"102":{"start":{"line":215,"column":6},"end":{"line":215,"column":53}},"103":{"start":{"line":216,"column":6},"end":{"line":216,"column":44}},"104":{"start":{"line":217,"column":6},"end":{"line":217,"column":39}},"105":{"start":{"line":229,"column":4},"end":{"line":229,"column":69}},"106":{"start":{"line":231,"column":4},"end":{"line":232,"column":53}},"107":{"start":{"line":233,"column":4},"end":{"line":233,"column":38}},"108":{"start":{"line":234,"column":4},"end":{"line":234,"column":27}},"109":{"start":{"line":237,"column":4},"end":{"line":237,"column":42}},"110":{"start":{"line":238,"column":4},"end":{"line":238,"column":28}},"111":{"start":{"line":240,"column":4},"end":{"line":252,"column":5}},"112":{"start":{"line":241,"column":6},"end":{"line":244,"column":15}},"113":{"start":{"line":242,"column":8},"end":{"line":242,"column":61}},"114":{"start":{"line":243,"column":8},"end":{"line":243,"column":31}},"115":{"start":{"line":245,"column":6},"end":{"line":248,"column":9}},"116":{"start":{"line":250,"column":6},"end":{"line":250,"column":63}},"117":{"start":{"line":251,"column":6},"end":{"line":251,"column":22}},"118":{"start":{"line":256,"column":4},"end":{"line":256,"column":91}},"119":{"start":{"line":257,"column":4},"end":{"line":257,"column":62}},"120":{"start":{"line":258,"column":4},"end":{"line":259,"column":40}},"121":{"start":{"line":270,"column":4},"end":{"line":270,"column":52}},"122":{"start":{"line":272,"column":4},"end":{"line":283,"column":5}},"123":{"start":{"line":273,"column":6},"end":{"line":273,"column":31}},"124":{"start":{"line":274,"column":6},"end":{"line":279,"column":8}},"125":{"start":{"line":280,"column":6},"end":{"line":280,"column":37}},"126":{"start":{"line":281,"column":6},"end":{"line":281,"column":38}},"127":{"start":{"line":282,"column":6},"end":{"line":282,"column":29}},"128":{"start":{"line":286,"column":4},"end":{"line":286,"column":32}},"129":{"start":{"line":287,"column":4},"end":{"line":287,"column":40}},"130":{"start":{"line":289,"column":4},"end":{"line":289,"column":101}},"131":{"start":{"line":291,"column":4},"end":{"line":307,"column":5}},"132":{"start":{"line":293,"column":6},"end":{"line":296,"column":9}},"133":{"start":{"line":298,"column":6},"end":{"line":302,"column":7}},"134":{"start":{"line":300,"column":8},"end":{"line":300,"column":65}},"135":{"start":{"line":301,"column":8},"end":{"line":301,"column":24}},"136":{"start":{"line":305,"column":6},"end":{"line":305,"column":64}},"137":{"start":{"line":306,"column":6},"end":{"line":306,"column":22}},"138":{"start":{"line":317,"column":4},"end":{"line":317,"column":52}},"139":{"start":{"line":318,"column":4},"end":{"line":318,"column":33}},"140":{"start":{"line":321,"column":4},"end":{"line":323,"column":5}},"141":{"start":{"line":322,"column":6},"end":{"line":322,"column":13}},"142":{"start":{"line":326,"column":4},"end":{"line":326,"column":101}},"143":{"start":{"line":328,"column":4},"end":{"line":328,"column":29}},"144":{"start":{"line":330,"column":4},"end":{"line":330,"column":98}},"145":{"start":{"line":331,"column":4},"end":{"line":332,"column":87}},"146":{"start":{"line":334,"column":4},"end":{"line":336,"column":5}},"147":{"start":{"line":335,"column":6},"end":{"line":335,"column":13}},"148":{"start":{"line":338,"column":4},"end":{"line":338,"column":38}},"149":{"start":{"line":340,"column":4},"end":{"line":347,"column":5}},"150":{"start":{"line":341,"column":6},"end":{"line":344,"column":9}},"151":{"start":{"line":342,"column":8},"end":{"line":342,"column":40}},"152":{"start":{"line":342,"column":17},"end":{"line":342,"column":40}},"153":{"start":{"line":343,"column":8},"end":{"line":343,"column":25}},"154":{"start":{"line":346,"column":6},"end":{"line":346,"column":23}},"155":{"start":{"line":355,"column":4},"end":{"line":360,"column":7}},"156":{"start":{"line":358,"column":6},"end":{"line":358,"column":29}},"157":{"start":{"line":359,"column":6},"end":{"line":359,"column":60}},"158":{"start":{"line":365,"column":4},"end":{"line":365,"column":60}},"159":{"start":{"line":367,"column":4},"end":{"line":367,"column":62}},"160":{"start":{"line":369,"column":4},"end":{"line":369,"column":62}},"161":{"start":{"line":371,"column":4},"end":{"line":374,"column":5}},"162":{"start":{"line":372,"column":6},"end":{"line":372,"column":77}},"163":{"start":{"line":373,"column":6},"end":{"line":373,"column":22}},"164":{"start":{"line":381,"column":4},"end":{"line":381,"column":51}},"165":{"start":{"line":382,"column":4},"end":{"line":385,"column":5}},"166":{"start":{"line":383,"column":6},"end":{"line":383,"column":41}},"167":{"start":{"line":384,"column":6},"end":{"line":384,"column":32}},"168":{"start":{"line":386,"column":4},"end":{"line":386,"column":52}},"169":{"start":{"line":390,"column":0},"end":{"line":390,"column":24}},"170":{"start":{"line":392,"column":0},"end":{"line":400,"column":1}},"171":{"start":{"line":393,"column":2},"end":{"line":393,"column":18}},"172":{"start":{"line":394,"column":2},"end":{"line":398,"column":3}},"173":{"start":{"line":395,"column":4},"end":{"line":397,"column":5}},"174":{"start":{"line":396,"column":6},"end":{"line":396,"column":20}},"175":{"start":{"line":399,"column":2},"end":{"line":399,"column":14}},"176":{"start":{"line":402,"column":0},"end":{"line":408,"column":1}},"177":{"start":{"line":403,"column":2},"end":{"line":403,"column":47}},"178":{"start":{"line":404,"column":2},"end":{"line":406,"column":3}},"179":{"start":{"line":405,"column":4},"end":{"line":405,"column":61}},"180":{"start":{"line":407,"column":2},"end":{"line":407,"column":47}},"181":{"start":{"line":410,"column":0},"end":{"line":412,"column":1}},"182":{"start":{"line":411,"column":2},"end":{"line":411,"column":86}}},"branchMap":{"1":{"line":61,"type":"cond-expr","locations":[{"start":{"line":61,"column":46},"end":{"line":61,"column":66}},{"start":{"line":61,"column":69},"end":{"line":61,"column":71}}]},"2":{"line":63,"type":"cond-expr","locations":[{"start":{"line":63,"column":48},"end":{"line":63,"column":55}},{"start":{"line":63,"column":58},"end":{"line":63,"column":64}}]},"3":{"line":84,"type":"if","locations":[{"start":{"line":84,"column":6},"end":{"line":84,"column":6},"skip":true},{"start":{"line":84,"column":6},"end":{"line":84,"column":6}}]},"4":{"line":112,"type":"if","locations":[{"start":{"line":112,"column":6},"end":{"line":112,"column":6}},{"start":{"line":112,"column":6},"end":{"line":112,"column":6}}]},"5":{"line":137,"type":"if","locations":[{"start":{"line":137,"column":6},"end":{"line":137,"column":6}},{"start":{"line":137,"column":6},"end":{"line":137,"column":6}}]},"6":{"line":178,"type":"if","locations":[{"start":{"line":178,"column":8},"end":{"line":178,"column":8}},{"start":{"line":178,"column":8},"end":{"line":178,"column":8}}]},"7":{"line":214,"type":"if","locations":[{"start":{"line":214,"column":4},"end":{"line":214,"column":4}},{"start":{"line":214,"column":4},"end":{"line":214,"column":4}}]},"8":{"line":240,"type":"if","locations":[{"start":{"line":240,"column":4},"end":{"line":240,"column":4}},{"start":{"line":240,"column":4},"end":{"line":240,"column":4}}]},"9":{"line":272,"type":"if","locations":[{"start":{"line":272,"column":4},"end":{"line":272,"column":4}},{"start":{"line":272,"column":4},"end":{"line":272,"column":4}}]},"10":{"line":291,"type":"if","locations":[{"start":{"line":291,"column":4},"end":{"line":291,"column":4}},{"start":{"line":291,"column":4},"end":{"line":291,"column":4}}]},"11":{"line":298,"type":"if","locations":[{"start":{"line":298,"column":6},"end":{"line":298,"column":6}},{"start":{"line":298,"column":6},"end":{"line":298,"column":6}}]},"12":{"line":298,"type":"binary-expr","locations":[{"start":{"line":298,"column":10},"end":{"line":298,"column":22}},{"start":{"line":298,"column":26},"end":{"line":298,"column":45}}]},"13":{"line":321,"type":"if","locations":[{"start":{"line":321,"column":4},"end":{"line":321,"column":4}},{"start":{"line":321,"column":4},"end":{"line":321,"column":4}}]},"14":{"line":321,"type":"binary-expr","locations":[{"start":{"line":321,"column":8},"end":{"line":321,"column":28}},{"start":{"line":321,"column":33},"end":{"line":321,"column":83}}]},"15":{"line":330,"type":"cond-expr","locations":[{"start":{"line":330,"column":48},"end":{"line":330,"column":49}},{"start":{"line":330,"column":52},"end":{"line":330,"column":97}}]},"16":{"line":334,"type":"if","locations":[{"start":{"line":334,"column":4},"end":{"line":334,"column":4}},{"start":{"line":334,"column":4},"end":{"line":334,"column":4}}]},"17":{"line":334,"type":"binary-expr","locations":[{"start":{"line":334,"column":8},"end":{"line":334,"column":34}},{"start":{"line":334,"column":38},"end":{"line":334,"column":83}}]},"18":{"line":340,"type":"if","locations":[{"start":{"line":340,"column":4},"end":{"line":340,"column":4}},{"start":{"line":340,"column":4},"end":{"line":340,"column":4}}]},"19":{"line":342,"type":"if","locations":[{"start":{"line":342,"column":8},"end":{"line":342,"column":8}},{"start":{"line":342,"column":8},"end":{"line":342,"column":8}}]},"20":{"line":395,"type":"if","locations":[{"start":{"line":395,"column":4},"end":{"line":395,"column":4}},{"start":{"line":395,"column":4},"end":{"line":395,"column":4}}]},"21":{"line":404,"type":"if","locations":[{"start":{"line":404,"column":2},"end":{"line":404,"column":2}},{"start":{"line":404,"column":2},"end":{"line":404,"column":2}}]},"22":{"line":405,"type":"binary-expr","locations":[{"start":{"line":405,"column":11},"end":{"line":405,"column":32}},{"start":{"line":405,"column":36},"end":{"line":405,"column":60}}]},"23":{"line":411,"type":"binary-expr","locations":[{"start":{"line":411,"column":9},"end":{"line":411,"column":51}},{"start":{"line":411,"column":55},"end":{"line":411,"column":85}}]}},"code":["'use strict';","","const util = require('util');","const path = require('path');","const cluster = require('cluster');","const EventEmitter = require('events');","const childprocess = require('child_process');","const cfork = require('cfork');","const ready = require('get-ready');","const debug = require('debug')('egg-cluster');","const detectPort = require('detect-port');","const ConsoleLogger = require('egg-logger').EggConsoleLogger;","","const parseOptions = require('./utils/options');","const Messenger = require('./utils/messenger');","","const agentWorkerFile = path.join(__dirname, 'agent_worker.js');","const appWorkerFile = path.join(__dirname, 'app_worker.js');","","class Master extends EventEmitter {","","  /**","   * @constructor","   * @param {Object} options","   *  - {String} [framework] - specify framework that can be absolute path or npm package","   *  - {String} [baseDir] directory of application, default to `process.cwd()`","   *  - {Object} [plugins] - customized plugins, for unittest","   *  - {Number} [workers] numbers of app workers, default to `os.cpus().length`","   *  - {Number} [port] listening port, default to 7001(http) or 8443(https)","   *  - {Boolean} [https] https or not","   *  - {String} [key] ssl key","   *  - {String} [cert] ssl cert","   */","  constructor(options) {","    super();","    this.options = parseOptions(options);","    this.messenger = new Messenger(this);","","    ready.mixin(this);","","    this.isProduction = isProduction();","    this.isDebug = isDebug();","","    // app started or not","    this.isStarted = false;","    this.logger = new ConsoleLogger({ level: 'INFO' });","","    // get the real framework info","    const frameworkPath = this.options.framework;","    const frameworkPkg = require(path.join(frameworkPath, 'package.json'));","","    this.logger.info(`[master] =================== ${frameworkPkg.name} start =====================`);","    this.logger.info(`[master] ${frameworkPkg.name} version ${frameworkPkg.version}`);","    this.logger.info('[master] start with options: %j', this.options);","    this.logger.info(`[master] start with env: isProduction: ${this.isProduction}, isDebug: ${this.isDebug}, EGG_SERVER_ENV: ${process.env.EGG_SERVER_ENV}, NODE_ENV: ${process.env.NODE_ENV}`);","","    const startTime = Date.now();","","    this.ready(() => {","      this.isStarted = true;","      const stickyMsg = this.options.sticky ? ' with STICKY MODE!' : '';","      this.logger.info('[master] %s started on %s://127.0.0.1:%s (%sms)%s',","        frameworkPkg.name, this.options.https ? 'https' : 'http', this.options.port, Date.now() - startTime, stickyMsg);","","      const action = 'egg-ready';","      this.messenger.send({ action, to: 'parent' });","      this.messenger.send({ action, to: 'app', data: this.options });","      this.messenger.send({ action, to: 'agent', data: this.options });","    });","","    this.on('agent-exit', this.onAgentExit.bind(this));","    this.on('agent-start', this.onAgentStart.bind(this));","    this.on('app-exit', this.onAppExit.bind(this));","    this.on('app-start', this.onAppStart.bind(this));","    this.on('reload-worker', this.onReload.bind(this));","","    // fork app workers after agent started","    this.once('agent-start', this.forkAppWorkers.bind(this));","","    this.onExit();","","    detectPort((err, port) => {","      /* istanbul ignore if */","      if (err) {","        err.name = 'ClusterPortConflictError';","        err.message = '[master] try get free port error, ' + err.message;","        this.logger.error(err);","        return;","      }","      this.options.clusterPort = port;","      this.forkAgentWorker();","    });","  }","","  startMasterSocketServer(cb) {","    // Create the outside facing server listening on our port.","    require('net').createServer({ pauseOnConnect: true }, connection => {","      // We received a connection and need to pass it to the appropriate","      // worker. Get the worker for this connection's source IP and pass","      // it the connection.","      const worker = this.stickyWorker(connection.remoteAddress);","      worker.send('sticky-session:connection', connection);","    }).listen(this.options.port, cb);","  }","","  stickyWorker(ip) {","    const workerNumbers = this.options.workers;","    const ws = Array.from(this.workers.keys());","","    let s = '';","    for (let i = 0; i < ip.length; i++) {","      if (!isNaN(ip[i])) {","        s += ip[i];","      }","    }","    s = Number(s);","    const pid = ws[s % workerNumbers];","    return this.workers.get(pid);","  }","","  forkAgentWorker() {","    this.agentStartTime = Date.now();","","    const args = [ JSON.stringify(this.options) ];","    // debug port:","    // agent_worker: 5856","    // master: 5857","    // app_worker0: 5858","    // app_worker1: 5859","    // ...","    const opt = { execArgv: process.execArgv.concat([ '--debug-port=5856' ]) };","    const agentWorker = this.agentWorker = childprocess.fork(agentWorkerFile, args, opt);","    this.logger.info('[master] Agent Worker:%s start with %j', agentWorker.pid, args);","","    // forwarding agent' message to messenger","    agentWorker.on('message', msg => {","      if (typeof msg === 'string') msg = { action: msg, data: msg };","      msg.from = 'agent';","      this.messenger.send(msg);","    });","    agentWorker.on('error', err => {","      err.name = 'AgentWorkerError';","      this.logger.error(err);","    });","    // agent exit message","    agentWorker.once('exit', (code, signal) => {","      this.messenger.send({","        action: 'agent-exit',","        data: { code, signal },","        to: 'master',","        from: 'agent',","      });","    });","  }","","","  forkAppWorkers() {","    this.appStartTime = Date.now();","    this.isAllAppWorkerStarted = false;","    this.startSuccessCount = 0;","","    this.workers = new Map();","","    const args = [ JSON.stringify(this.options) ];","    debug('Start appWorker with args %j', args);","    cfork({","      exec: appWorkerFile,","      args,","      silent: false,","      count: this.options.workers,","      // don't refork in local env","      refork: this.isProduction,","    });","","    cluster.on('fork', worker => {","      this.workers.set(worker.process.pid, worker);","      worker.on('message', msg => {","        if (typeof msg === 'string') msg = { action: msg, data: msg };","        msg.from = 'app';","        this.messenger.send(msg);","      });","      this.logger.info('[master] App Worker#%s:%s start, state: %s, current workers: %j',","        worker.id, worker.process.pid, worker.state, Object
[...]
n":34}}}},"statementMap":{"1":{"start":{"line":3,"column":0},"end":{"line":36,"column":2}},"2":{"start":{"line":4,"column":2},"end":{"line":35,"column":4}},"3":{"start":{"line":5,"column":4},"end":{"line":5,"column":15}},"4":{"start":{"line":7,"column":4},"end":{"line":9,"column":5}},"5":{"start":{"line":8,"column":6},"end":{"line":8,"column":13}},"6":{"start":{"line":12,"column":4},"end":{"line":12,"column":22}},"7":{"start":{"line":14,"column":4},"end":{"line":19,"column":5}},"8":{"start":{"line":15,"column":6},"end":{"line":17,"column":8}},"9":{"start":{"line":18,"column":6},"end":{"line":18,"column":13}},"10":{"start":{"line":21,"column":4},"end":{"line":21,"column":50}},"11":{"start":{"line":24,"column":4},"end":{"line":27,"column":5}},"12":{"start":{"line":25,"column":6},"end":{"line":25,"column":127}},"13":{"start":{"line":26,"column":6},"end":{"line":26,"column":13}},"14":{"start":{"line":29,"column":4},"end":{"line":33,"column":5}},"15":{"start":{"line":30,"column":6},"end":{"line":30,"column":28}},"16":{"start":{"line":31,"column":6},"end":{"line":31,"column":37}},"17":{"start":{"line":32,"column":6},"end":{"line":32,"column":13}},"18":{"start":{"line":34,"column":4},"end":{"line":34,"column":29}}},"branchMap":{"1":{"line":7,"type":"if","locations":[{"start":{"line":7,"column":4},"end":{"line":7,"column":4}},{"start":{"line":7,"column":4},"end":{"line":7,"column":4}}]},"2":{"line":7,"type":"binary-expr","locations":[{"start":{"line":7,"column":8},"end":{"line":7,"column":27}},{"start":{"line":7,"column":31},"end":{"line":7,"column":40}}]},"3":{"line":14,"type":"if","locations":[{"start":{"line":14,"column":4},"end":{"line":14,"column":4}},{"start":{"line":14,"column":4},"end":{"line":14,"column":4}}]},"4":{"line":24,"type":"if","locations":[{"start":{"line":24,"column":4},"end":{"line":24,"column":4}},{"start":{"line":24,"column":4},"end":{"line":24,"column":4}}]},"5":{"line":24,"type":"binary-expr","locations":[{"start":{"line":24,"column":8},"end":{"line":24,"column":23}},{"start":{"line":24,"column":27},"end":{"line":24,"column":56}}]},"6":{"line":29,"type":"if","locations":[{"start":{"line":29,"column":4},"end":{"line":29,"column":4}},{"start":{"line":29,"column":4},"end":{"line":29,"column":4}}]}},"code":["'use strict';","","module.exports = options => {","  return function* notfound(next) {","    yield next;","","    if (this.status !== 404 || this.body) {","      return;","    }","","    // set status first, make sure set body not set status","    this.status = 404;","","    if (this.acceptJSON) {","      this.body = {","        message: 'Not Found',","      };","      return;","    }","","    const notFoundHtml = '<h1>404 Not Found</h1>';","","    // notfound handler is unimplemented","    if (options.pageUrl && this.path === options.pageUrl) {","      this.body = `${notFoundHtml}<p><pre><code>config.notfound.pageUrl(${options.pageUrl})</code></pre> is unimplemented</p>`;","      return;","    }","","    if (options.pageUrl) {","      this.realStatus = 404;","      this.redirect(options.pageUrl);","      return;","    }","    this.body = notFoundHtml;","  };","};",""],"l":{"3":1,"4":0,"5":0,"7":0,"8":0,"12":0,"14":0,"15":0,"18":0,"21":0,"24":0,"25":0,"26":0,"29":0,"30":0,"31":0,"32":0,"34":0}},"/home/travis/build/npmtest/node-npmtest-egg/node_modules/egg/app/middleware/site_file.js":{"path":"/home/travis/build/npmtest/node-npmtest-egg/node_modules/egg/app/middleware/site_file.js","s":{"1":1,"2":1,"3":1,"4":0,"5":0,"6":0,"7":0,"8":0,"9":0,"10":0,"11":0,"12":0,"13":0,"14":0,"15":0,"16":0,"17":0,"18":0,"19":0},"b":{"1":[0,0],"2":[0,0],"3":[0,0],"4":[0,0],"5":[0,0],"6":[0,0]},"f":{"1":0},"fnMap":{"1":{"name":"siteFile","line":7,"loc":{"start":{"line":7,"column":9},"end":{"line":7,"column":34}}}},"statementMap":{"1":{"start":{"line":3,"column":0},"end":{"line":3,"column":29}},"2":{"start":{"line":4,"column":0},"end":{"line":4,"column":42}},"3":{"start":{"line":6,"column":0},"end":{"line":30,"column":2}},"4":{"start":{"line":7,"column":2},"end":{"line":29,"column":4}},"5":{"start":{"line":8,"column":4},"end":{"line":8,"column":75}},"6":{"start":{"line":8,"column":57},"end":{"line":8,"column":75}},"7":{"start":{"line":10,"column":4},"end":{"line":10,"column":48}},"8":{"start":{"line":10,"column":30},"end":{"line":10,"column":48},"skip":true},"9":{"start":{"line":12,"column":4},"end":{"line":12,"column":39}},"10":{"start":{"line":13,"column":4},"end":{"line":13,"column":36}},"11":{"start":{"line":13,"column":18},"end":{"line":13,"column":36}},"12":{"start":{"line":17,"column":4},"end":{"line":17,"column":67}},"13":{"start":{"line":17,"column":37},"end":{"line":17,"column":67}},"14":{"start":{"line":21,"column":4},"end":{"line":26,"column":5}},"15":{"start":{"line":22,"column":6},"end":{"line":22,"column":41}},"16":{"start":{"line":23,"column":6},"end":{"line":23,"column":26}},"17":{"start":{"line":24,"column":6},"end":{"line":24,"column":42}},"18":{"start":{"line":25,"column":6},"end":{"line":25,"column":13}},"19":{"start":{"line":28,"column":4},"end":{"line":28,"column":15}}},"branchMap":{"1":{"line":8,"type":"if","locations":[{"start":{"line":8,"column":4},"end":{"line":8,"column":4}},{"start":{"line":8,"column":4},"end":{"line":8,"column":4}}]},"2":{"line":8,"type":"binary-expr","locations":[{"start":{"line":8,"column":8},"end":{"line":8,"column":30}},{"start":{"line":8,"column":34},"end":{"line":8,"column":55}}]},"3":{"line":10,"type":"if","locations":[{"start":{"line":10,"column":4},"end":{"line":10,"column":4},"skip":true},{"start":{"line":10,"column":4},"end":{"line":10,"column":4}}]},"4":{"line":13,"type":"if","locations":[{"start":{"line":13,"column":4},"end":{"line":13,"column":4}},{"start":{"line":13,"column":4},"end":{"line":13,"column":4}}]},"5":{"line":17,"type":"if","locations":[{"start":{"line":17,"column":4},"end":{"line":17,"column":4}},{"start":{"line":17,"column":4},"end":{"line":17,"column":4}}]},"6":{"line":21,"type":"if","locations":[{"start":{"line":21,"column":4},"end":{"line":21,"column":4}},{"start":{"line":21,"column":4},"end":{"line":21,"column":4}}]}},"code":["'use strict';","","const path = require('path');","const MAX_AGE = 'public, max-age=2592000'; // 30 days","","module.exports = options => {","  return function* siteFile(next) {","    if (this.method !== 'HEAD' && this.method !== 'GET') return yield next;","    /* istanbul ignore if */","    if (this.path[0] !== '/') return yield next;","","    const content = options[this.path];","    if (!content) return yield next;","","    // '/favicon.ico': 'https://eggjs.org/favicon.ico',","    // content is url","    if (typeof content === 'string') return this.redirect(content);","","    // '/robots.txt': Buffer <xx..","    // content is buffer","    if (Buffer.isBuffer(content)) {","      this.set('cache-control', MAX_AGE);","      this.body = content;","      this.type = path.extname(this.path);","      return;","    }","","    yield next;","  };","};",""],"l":{"3":1,"4":1,"6":1,"7":0,"8":0,"10":1,"12":0,"13":0,"17":0,"21":0,"22":0,"23":0,"24":0,"25":0,"28":0}},"/home/travis/build/npmtest/node-npmtest-egg/node_modules/egg/lib/core/dnscache_httpclient.js":{"path":"/home/travis/build/npmtest/node-npmtest-egg/node_modules/egg/lib/core/dnscache_httpclient.js","s":{"1":1,"2":1,"3":1,"4":0,"5":0,"6":0,"7":0,"8":0,"9":0,"10":0,"11":0,"12":0,"13":0,"14":0,"15":0,"16":0,"17":0,"18":0,"19":0,"20":0,"21":0,"22":0,"23":0,"24":0,"25":0,"26":0,"27":0,"28":0,"29":0,"30":0,"31":0,"32":0,"33":0,"34":0,"35":0,"36":0,"37":0,"38":0,"39":0,"40":0,"41":0,"42":0,"43":0,"44":0,"45":0,"46":0,"47":0,"48":0,"49":0,"50":0,"51":0,"52":0,"53":0,"54":0,"55":0,"56":0,"57":0,"58":0,"59":0,"60":1},"b":{"1":[0,0],"2":[0,0],"3":[0,0],"4":[0,0],"5":[0,0],"6":[0,0],"7":[0,0],"8":[0,0],"9":[0,0],"10":[0,0],"11":[0,0],"12":[0,0],"13":[0,0],"14":[0,0],"15":[0,0],"16":[0,0],"17":[0,0],"18":[0,0],"19":[0,0]},"f":{"1":0,"2":0,"3":0,"4":0,"5":0,"6":0},"fnMap":{"1":{"name":"(anonymous_1)","line":8,"loc":{"start":{"line":8,"column":13},"end":{"line":8,"column":23}}},"2":{"name":"(anonymous_2)","line":16,"loc":{"start":{"line":16,"column":9},"end":{"line":16,"column":31}}},"3":{"name":"(anonymous_3)","line":41,"loc":{"start":{"line":41,"column":6},"end":{"line":41,"column":28}}},"4":{"name":"(anonymous_4)","line":45,"loc":{"start":{"line":45,"column":14},"end":{"line":45,"column":26}}},"5":{"name":"(anonymous_5)","line":62,"loc":{"start":{"line":62,"column":12},"end":{"line":62,"column":34}}},"6":{"name":"(anonymous_6)","line":114,"loc":{"start":{"line":114,"column":21},"end":{"line":114,"column":42}}}},"statementMap":{"1":{"start":{"line":3,"column":0},"end":{"line":3,"column":27}},"2":{"start":{"line":4,"column":0},"end":{"line":4,"column":38}},"3":{"start":{"line":5,"column":0},"end":{"line":5,"column":33}},"4":{"start":{"line":9,"column":4},"end":{"line":9,"column":19}},"5":{"start":{"line":11,"column":4},"end":{"line":11,"column":27}},"6":{"start":{"line":12,"column":4},"end":{"line":12,"column":32}},"7":{"start":{"line":13,"column":4},"end":{"line":13,"column":30}},"8":{"start":{"line":18,"column":4},"end":{"line":21,"column":5}},"9":{"start":{"line":19,"column":6},"end":{"line":19,"column":22}},"10":{"start":{"line":20,"column":6},"end":{"line":20,"column":18}},"11":{"start":{"line":24,"column":4},"end":{"line":30,"column":5}},"12":{"start":{"line":25,"column":6},"end":{"line":28,"column":9}},"13":{"start":{"line":26,"column":8},"end":{"line":26,"column":38}},"14":{"start":{"line":26,"column":17},"end":{"line":26,"column":38}},"15":{"start":{"line":27,"column":8},"end":{"line":27,"column":57}},"16":{"start":{"line":29,"column":6},"end":{"line":29,"column":13}},"17":{"start":{"line":33,"column":4},"end":{"line":38,"column":62}},"18":{"start":{"line":34,"column":6},"end":{"line":37,"column":9}},"19":{"start":{"line":35,"column":8},"end":{"line":35,"column":36}},"20":{"start":{"line":35,"column":17},"end":{"line":35,"column":36}},"21":{"start":{"line":36,"column":8},"end":{"line":36,"column":24}},"22":{"start":{"line":38,"column":22},"end":{"line":38,"column":60}},"23":{"start":{"line":42,"column":4},"end":{"line":42,"column":45}},"24":{"start":{"line":46,"column":4},"end":{"line":46,"column":99}},"25":{"start":{"line":47,"column":4},"end":{"line":59,"column":6}},"26":{"start":{"line":48,"column":6},"end":{"line":58,"column":9}},"27":{"start":{"line":49,"column":8},"end":{"line":51,"column":9}},"28":{"start":{"line":50,"column":10},"end":{"line":50,"column":31}},"29":{"start":{"line":52,"column":8},"end":{"line":57,"column":11}},"30":{"start":{"line":63,"column":4},"end":{"line":63,"column":65}},"31":{"start":{"line":65,"column":4},"end":{"line":65,"column":33}},"32":{"start":{"line":66,"column":4},"end":{"line":66,"column":22}},"33":{"start":{"line":67,"column":4},"end":{"line":67,"column":38}},"34":{"start":{"line":69,"column":4},"end":{"line":71,"column":5}},"35":{"start":{"line":70,"column":6},"end":{"line":70,"column":31}},"36":{"start":{"line":73,"column":4},"end":{"line":73,"column":43}},"37":{"start":{"line":74,"column":4},"end":{"line":74,"column":27}},"38":{"start":{"line":75,"column":4},"end":{"line":91,"column":5}},"39":{"start":{"line":76,"column":6},"end":{"line":76,"column":71}},"40":{"start":{"line":77,"column":6},"end":{"line":80,"column":7}},"41":{"start":{"line":79,"column":8},"end":{"line":79,"column":31}},"42":{"start":{"line":81,"column":6},"end":{"line":84,"column":9}},"43":{"start":{"line":85,"column":6},"end":{"line":88,"column":7}},"44":{"start":{"line":87,"column":8},"end":{"line":87,"column":15}},"45":{"start":{"line":90,"column":6},"end":{"line":90,"column":22}},"46":{"start":{"line":93,"column":4},"end":{"line":111,"column":7}},"47":{"start":{"line":94,"column":6},"end":{"line":94,"column":74}},"48":{"start":{"line":95,"column":6},"end":{"line":99,"column":7}},"49":{"start":{"line":96,"column":8},"end":{"line":96,"column":92}},"50":{"start":{"line":98,"column":8},"end":{"line":98,"column":41}},"51":{"start":{"line":101,"column":6},"end":{"line":101,"column":96}},"52":{"start":{"line":102,"column":6},"end":{"line":105,"column":9}},"53":{"start":{"line":107,"column":6},"end":{"line":110,"column":9}},"54":{"start":{"line":115,"column":4},"end":{"line":122,"column":5}},"55":{"start":{"line":116,"column":6},"end":{"line":116,"column":39}},"56":{"start":{"line":118,"column":6},"end":{"line":118,"column":57}},"57":{"start":{"line":119,"column":6},"end":{"line":121,"column":7}},"58":{"start":{"line":120,"column":8},"end":{"line":120,"column":51}},"59":{"start":{"line":123,"column":4},"end":{"line":123,"column":15}},"60":{"start":{"line":127,"column":0},"end":{"line":127,"column":36}}},"branchMap":{"1":{"line":18,"type":"if","locations":[{"start":{"line":18,"column":4},"end":{"line":18,"column":4}},{"start":{"line":18,"column":4},"end":{"line":18,"column":4}}]},"2":{"line":24,"type":"if","locations":[{"start":{"line":24,"column":4},"end":{"line":24,"column":4}},{"start":{"line":24,"column":4},"end":{"line":24,"column":4}}]},"3":{"line":26,"type":"if","locations":[{"start":{"line":26,"column":8},"end":{"line":26,"column":8}},{"start":{"line":26,"column":8},"end":{"line":26,"column":8}}]},"4":{"line":35,"type":"if","locations":[{"start":{"line":35,"column":8},"end":{"line":35,"column":8}},{"start":{"line":35,"column":8},"end":{"line":35,"column":8}}]},"5":{"line":49,"type":"if","locations":[{"start":{"line":49,"column":8},"end":{"line":49,"column":8}},{"start":{"line":49,"column":8},"end":{"line":49,"column":8}}]},"6":{"line":63,"type":"cond-expr","locations":[{"start":{"line":63,"column":45},"end":{"line":63,"column":58}},{"start":{"line":63,"column":61},"end":{"line":63,"column":64}}]},"7":{"line":66,"type":"binary-expr","locations":[{"start":{"line":66,"column":11},"end":{"line":66,"column":15}},{"start":{"line":66,"column":19},"end":{"line":66,"column":21}}]},"8":{"line":67,"type":"binary-expr","locations":[{"start":{"line":67,"column":19},"end":{"line":67,"column":31}},{"start":{"line":67,"column":35},"end":{"line":67,"column":37}}]},"9":{"line":69,"type":"if","locations":[{"start":{"line":69,"column":4},"end":{"line":69,"column":4}},{"start":{"line":69,"column":4},"end":{"line":69,"column":4}}]},"10":{"line":69,"type":"binary-expr","locations":[{"start":{"line":69,"column":8},"end":{"line":69,"column":26}},{"start":{"line":69,"column":30},"end":{"line":69,"column":48}}]},"11":{"line":75,"type":"if","locations":[{"start":{"line":75,"column":4},"end":{"line":75,"column":4}},{"start":{"line":75,"column":4},"end":{"line":75,"column":4}}]},"12":{"line":77,"type":"if","locations":[{"start":{"line":77,"column":6},"end":{"line":77,"column":6}},{"start":{"line":77,"column":6},"end":{"line":77,"column":6}}]},"13":{"line":85,"type":"if","locations":[{"start":{"line":85,"column":6},"end":{"line":85,"column":6}},{"start":{"line":85,"column":6},"end":{"line":85,"column":6}}]},"14":{"line":94,"type":"cond-expr","locations":[{"start":{"line":94,"column":32},"end":{"line":94,"column":51}},{"start":{"line":94,"column":54},"end":{"line":94,"column":73}}]},"15":{"line":95,"type":"if","locations":[{"start":{"line":95,"column":6},"end":{"line":95,"column":6}},{"start":{"line":95,"column":6},"end":{"line":95,"column":6}}]},"16":{"line":98,"type":"binary-expr","locations":[{"start":{"line":98,"column":15},"end":{"line":98,"column":23}},{"start":{"line":98,"column":27},"end":{"line":98,"column":40}}]},"17":{"line":107,"type":"binary-expr","locations":[{"start":{"line":107,"column":6},"end":{"line":107,"column":14}},{"start":{"line":107,"column":18},"end":{"line":110,"column":8}}]},"18":{"line":115,"type":"if","locations":[{"start":{"line":115,"column":4},"end":{"line":115,"column":4}},{"start":{"line":115,"column":4},"end":{"line":115,"column":4}}]},"19":{"line":119,"type":"if","locations":[{"start":{"line":119,"column":6},"end":{"line":119,"column":6}},{"start":{"line":119,"column":6},"end":{"line":119,"column":6}}]}},"code":["'use strict';","","const dns = require('dns');","const urlparse = require('url').parse;","const urllib = require('urllib');","","class DNSCacheHttpClient extends urllib.HttpClient {","  constructor(options) {","    super(options);","","    this.app = options.app;","    this.dnsCacheMaxAge = 10000;","    this.dnsCache = new Map();","  }","","  request(url, args, callback) {","    // request(url, callback)","    if (typeof args === 'function') {","      callback = args;","      args = null;","    }","","    // the callback style","    if (callback) {","      this._dnsLookup(url, args, (err, result) => {","        if (err) return callback(err);","        super.request(result.url, result.args, callback);","      });","      return;","    }","","    // the Promise style","    return new Promise((resolve, reject) => {","      this._dnsLookup(url, args, (err, result) => {","        if (err) return reject(err);","        resolve(result);","      });","    }).then(result => super.request(result.url, result.args));","  }","","  curl(url, args, callback) {","    return this.request(url, args, callback);","  }","","  requestThunk(url, args) {","    this.app.deprecate('[dnscache_httpclient] Please use `request()` instead of `requestThunk()`');","    return callback => {","      this.request(url, args, (err, data, res) => {","        if (err) {","          return callback(err);","        }","        callback(null, {","          data,","          status: res.status,","          headers: res.headers,","          res,","        });","      });","    };","  }","","  _dnsLookup(url, args, callback) {","    const parsed = typeof url === 'string' ? urlparse(url) : url;","    // hostname must exists","    const host = parsed.hostname;","    args = args || {};","    args.headers = args.headers || {};","    // set host header is not exists","    if (!args.headers.host && !args.headers.Host) {","      args.headers.host = host;","    }","","    const record = this.dnsCache.get(host);","    const now = Date.now();","    if (record) {","      const needUpdate = now - record.timestamp >= this.dnsCacheMaxAge;","      if (needUpdate) {","        // make sure next request don't refresh dns query","        record.timestamp = now;","      }","      callback(null, {","        url: this._formatDnsLookupUrl(host, url, record.ip),","        args,","      });","      if (!needUpdate) {","        // no need to refresh dns record","        return;","      }","      // make sure not callback twice","      callback = null;","    }","","    dns.lookup(host, { family: 4 }, (err, address) => {","      const logger = args.ctx ? args.ctx.coreLogger : this.app.coreLogger;","      if (err) {","        logger.warn('[dnscache_httpclient] dns lookup error: %s(%s) => %s', host, url, err);","        // no cache, return error","        return callback && callback(err);","      }","","      logger.info('[dnscache_httpclient] dns lookup success: %s(%s) => %s', host, url, address);","      this.dnsCache.set(host, {","        timestamp: Date.now(),","        ip: address,","      });","","      callback && callback(null, {","        url: this._formatDnsLookupUrl(host, url, address),","        args,","      });","    });","  }","","  _formatDnsLookupUrl(host, url, address) {","    if (typeof url === 'string') {","      url = url.replace(host, address);","    } else {","      url.hostname = url.hostname.replace(host, address);","      if (url.host) {","        url.host = url.host.replace(host, address);","      }","    }","    return url;","  }","}","","module.exports = DNSCacheHttpClient;",""],"l":{"3":1,"4":1,"5":1,"9":0,"11":0,"12":0,"13":0,"18":0,"19":0,"20":0,"24":0,"25":0,"26":0,"27":0,"29":0,"33":0,"34":0,"35":0,"36":0,"38":0,"42":0,"46":0,"47":0,"48":0,"49":0,"50":0,"52":0,"63":0,"65":0,"66":0,"67":0,"69":0,"70":0,"73":0,"74":0,"75":0,"76":0,"77":0,"79":0,"81":0,"85":0,"87":0,"90":0,"93":0,"94":0,"95":0,"96":0,"98":0,"101":0,"102":0,"107":0,"115":0,"116":0,"118":0,"119":0,"120":0,"123":0,"127":1}}}